<?xml version="1.0" encoding="UTF-8"?>
<testsuite name="com.emse.spring.faircop.api.SecurityControllerTest" tests="2" skipped="0" failures="0" errors="0" timestamp="2022-11-15T15:52:50" hostname="MacBook-Pro-de-Ana.local" time="0.217">
  <properties/>
  <testcase name="shouldSwitchWindow()" classname="com.emse.spring.faircop.api.SecurityControllerTest" time="0.208"/>
  <testcase name="shouldLoadAWindowAndReturnNullIfNotFound()" classname="com.emse.spring.faircop.api.SecurityControllerTest" time="0.008"/>
  <system-out><![CDATA[2022-11-15 16:52:48.260  INFO 1603 --- [    Test worker] .b.t.c.SpringBootTestContextBootstrapper : Neither @ContextConfiguration nor @ContextHierarchy found for test class [com.emse.spring.faircop.api.SecurityControllerTest], using SpringBootContextLoader
2022-11-15 16:52:48.261  INFO 1603 --- [    Test worker] o.s.t.c.support.AbstractContextLoader    : Could not detect default resource locations for test class [com.emse.spring.faircop.api.SecurityControllerTest]: no resource found for suffixes {-context.xml, Context.groovy}.
2022-11-15 16:52:48.261  INFO 1603 --- [    Test worker] t.c.s.AnnotationConfigContextLoaderUtils : Could not detect default configuration classes for test class [com.emse.spring.faircop.api.SecurityControllerTest]: SecurityControllerTest does not declare any static, non-private, non-final, nested classes annotated with @Configuration.
2022-11-15 16:52:48.271  INFO 1603 --- [    Test worker] .b.t.c.SpringBootTestContextBootstrapper : Found @SpringBootConfiguration com.emse.spring.faircop.FaircopApplication for test class com.emse.spring.faircop.api.SecurityControllerTest
2022-11-15 16:52:48.273  INFO 1603 --- [    Test worker] .b.t.c.SpringBootTestContextBootstrapper : Loaded default TestExecutionListener class names from location [META-INF/spring.factories]: [org.springframework.security.test.context.support.WithSecurityContextTestExecutionListener, org.springframework.security.test.context.support.ReactorContextTestExecutionListener, org.springframework.boot.test.autoconfigure.restdocs.RestDocsTestExecutionListener, org.springframework.boot.test.autoconfigure.web.client.MockRestServiceServerResetTestExecutionListener, org.springframework.boot.test.autoconfigure.web.servlet.MockMvcPrintOnlyOnFailureTestExecutionListener, org.springframework.boot.test.autoconfigure.web.servlet.WebDriverTestExecutionListener, org.springframework.boot.test.autoconfigure.webservices.client.MockWebServiceServerTestExecutionListener, org.springframework.boot.test.mock.mockito.MockitoTestExecutionListener, org.springframework.boot.test.mock.mockito.ResetMocksTestExecutionListener, org.springframework.test.context.web.ServletTestExecutionListener, org.springframework.test.context.support.DirtiesContextBeforeModesTestExecutionListener, org.springframework.test.context.event.ApplicationEventsTestExecutionListener, org.springframework.test.context.support.DependencyInjectionTestExecutionListener, org.springframework.test.context.support.DirtiesContextTestExecutionListener, org.springframework.test.context.transaction.TransactionalTestExecutionListener, org.springframework.test.context.jdbc.SqlScriptsTestExecutionListener, org.springframework.test.context.event.EventPublishingTestExecutionListener]
2022-11-15 16:52:48.273  INFO 1603 --- [    Test worker] .b.t.c.SpringBootTestContextBootstrapper : Using TestExecutionListeners: [org.springframework.test.context.web.ServletTestExecutionListener@2048255a, org.springframework.test.context.support.DirtiesContextBeforeModesTestExecutionListener@7e00a43e, org.springframework.test.context.event.ApplicationEventsTestExecutionListener@3f4b59fd, org.springframework.boot.test.mock.mockito.MockitoTestExecutionListener@22599048, org.springframework.boot.test.autoconfigure.SpringBootDependencyInjectionTestExecutionListener@435a13ac, org.springframework.test.context.support.DirtiesContextTestExecutionListener@38007ead, org.springframework.test.context.transaction.TransactionalTestExecutionListener@5de15ce1, org.springframework.test.context.jdbc.SqlScriptsTestExecutionListener@33544cc5, org.springframework.security.test.context.support.WithSecurityContextTestExecutionListener@2080ee70, org.springframework.test.context.event.EventPublishingTestExecutionListener@1bce19db, org.springframework.security.test.context.support.ReactorContextTestExecutionListener@4c1f4817, org.springframework.boot.test.autoconfigure.restdocs.RestDocsTestExecutionListener@5d3c0735, org.springframework.boot.test.autoconfigure.web.client.MockRestServiceServerResetTestExecutionListener@7a68818c, org.springframework.boot.test.autoconfigure.web.servlet.MockMvcPrintOnlyOnFailureTestExecutionListener@11034fdb, org.springframework.boot.test.autoconfigure.web.servlet.WebDriverTestExecutionListener@276ae21c, org.springframework.boot.test.autoconfigure.webservices.client.MockWebServiceServerTestExecutionListener@1a524c6b, org.springframework.boot.test.mock.mockito.ResetMocksTestExecutionListener@2408ca4c]

  .   ____          _            __ _ _
 /\\ / ___'_ __ _ _(_)_ __  __ _ \ \ \ \
( ( )\___ | '_ | '_| | '_ \/ _` | \ \ \ \
 \\/  ___)| |_)| | | | | || (_| |  ) ) ) )
  '  |____| .__|_| |_|_| |_\__, | / / / /
 =========|_|==============|___/=/_/_/_/
 :: Spring Boot ::                (v2.7.5)

2022-11-15 16:52:48.303  INFO 1603 --- [    Test worker] c.e.s.f.api.SecurityControllerTest       : Starting SecurityControllerTest using Java 17.0.4.1 on MacBook-Pro-de-Ana.local with PID 1603 (started by caca in /Users/caca/Desktop/França/Web_Programming_BackEnd/BackEnd_Building_Project/faircop)
2022-11-15 16:52:48.304  INFO 1603 --- [    Test worker] c.e.s.f.api.SecurityControllerTest       : No active profile set, falling back to 1 default profile: "default"
2022-11-15 16:52:48.553  INFO 1603 --- [    Test worker] .s.d.r.c.RepositoryConfigurationDelegate : Bootstrapping Spring Data JPA repositories in DEFAULT mode.
2022-11-15 16:52:48.569  INFO 1603 --- [    Test worker] .s.d.r.c.RepositoryConfigurationDelegate : Finished Spring Data repository scanning in 14 ms. Found 4 JPA repository interfaces.
2022-11-15 16:52:48.920  INFO 1603 --- [    Test worker] o.s.b.w.embedded.tomcat.TomcatWebServer  : Tomcat initialized with port(s): 0 (http)
2022-11-15 16:52:48.930  INFO 1603 --- [    Test worker] o.apache.catalina.core.StandardService   : Starting service [Tomcat]
2022-11-15 16:52:48.930  INFO 1603 --- [    Test worker] org.apache.catalina.core.StandardEngine  : Starting Servlet engine: [Apache Tomcat/9.0.68]
2022-11-15 16:52:49.031  INFO 1603 --- [    Test worker] o.a.c.c.C.[Tomcat].[localhost].[/]       : Initializing Spring embedded WebApplicationContext
2022-11-15 16:52:49.031  INFO 1603 --- [    Test worker] w.s.c.ServletWebServerApplicationContext : Root WebApplicationContext: initialization completed in 726 ms
2022-11-15 16:52:49.055  INFO 1603 --- [    Test worker] com.zaxxer.hikari.HikariDataSource       : HikariPool-2 - Starting...
2022-11-15 16:52:49.056  INFO 1603 --- [    Test worker] com.zaxxer.hikari.HikariDataSource       : HikariPool-2 - Start completed.
2022-11-15 16:52:49.056  INFO 1603 --- [    Test worker] o.s.b.a.h2.H2ConsoleAutoConfiguration    : H2 console available at '/console'. Database available at 'jdbc:h2:mem:faircop'
2022-11-15 16:52:49.176  INFO 1603 --- [    Test worker] o.hibernate.jpa.internal.util.LogHelper  : HHH000204: Processing PersistenceUnitInfo [name: default]
2022-11-15 16:52:49.181  INFO 1603 --- [    Test worker] org.hibernate.dialect.Dialect            : HHH000400: Using dialect: org.hibernate.dialect.H2Dialect
Hibernate: drop table if exists building CASCADE 
Hibernate: drop table if exists heater CASCADE 
Hibernate: drop table if exists room CASCADE 
Hibernate: drop table if exists rwindow CASCADE 
Hibernate: drop sequence if exists hibernate_sequence
Hibernate: create sequence hibernate_sequence start with 1 increment by 1
Hibernate: create table building (id bigint not null, name varchar(255) not null, primary key (id))
Hibernate: create table heater (id bigint not null, heater_status varchar(255) not null, name varchar(255) not null, power bigint, room_id bigint not null, primary key (id))
Hibernate: create table room (id bigint not null, current_temperature double, floor integer not null, name varchar(255) not null, target_temperature double, building_id bigint, primary key (id))
Hibernate: create table rwindow (id bigint not null, name varchar(255) not null, window_status varchar(255) not null, room_id bigint not null, primary key (id))
Hibernate: alter table heater add constraint FKba10hbsubifukw0monybjx3a0 foreign key (room_id) references room
Hibernate: alter table room add constraint FK4kmfw73x2vpfymk0ml875rh2q foreign key (building_id) references building on delete cascade
Hibernate: alter table rwindow add constraint FK621arbu4dtuis4nf2o3xtapfn foreign key (room_id) references room
2022-11-15 16:52:49.234  INFO 1603 --- [    Test worker] o.h.e.t.j.p.i.JtaPlatformInitiator       : HHH000490: Using JtaPlatform implementation: [org.hibernate.engine.transaction.jta.platform.internal.NoJtaPlatform]
2022-11-15 16:52:49.234  INFO 1603 --- [    Test worker] j.LocalContainerEntityManagerFactoryBean : Initialized JPA EntityManagerFactory for persistence unit 'default'
2022-11-15 16:52:49.424  WARN 1603 --- [    Test worker] JpaBaseConfiguration$JpaWebConfiguration : spring.jpa.open-in-view is enabled by default. Therefore, database queries may be performed during view rendering. Explicitly configure spring.jpa.open-in-view to disable this warning
2022-11-15 16:52:49.608  INFO 1603 --- [    Test worker] o.s.b.a.w.s.WelcomePageHandlerMapping    : Adding welcome page: class path resource [static/index.html]
2022-11-15 16:52:49.811  INFO 1603 --- [    Test worker] o.s.s.web.DefaultSecurityFilterChain     : Will secure any request with [org.springframework.security.web.session.DisableEncodeUrlFilter@c1e7bea, org.springframework.security.web.context.request.async.WebAsyncManagerIntegrationFilter@3af30ab8, org.springframework.security.web.context.SecurityContextPersistenceFilter@74f23ecc, org.springframework.security.web.header.HeaderWriterFilter@77cac3b, org.springframework.security.web.csrf.CsrfFilter@35984172, org.springframework.security.web.authentication.logout.LogoutFilter@17b3b021, org.springframework.security.web.authentication.UsernamePasswordAuthenticationFilter@13e9a2f2, org.springframework.security.web.authentication.ui.DefaultLoginPageGeneratingFilter@2cfd91b9, org.springframework.security.web.authentication.ui.DefaultLogoutPageGeneratingFilter@6453c126, org.springframework.security.web.authentication.www.BasicAuthenticationFilter@74eebb25, org.springframework.security.web.savedrequest.RequestCacheAwareFilter@7ec416a0, org.springframework.security.web.servletapi.SecurityContextHolderAwareRequestFilter@1cbb6037, org.springframework.security.web.authentication.AnonymousAuthenticationFilter@6565691a, org.springframework.security.web.session.SessionManagementFilter@3167c0d, org.springframework.security.web.access.ExceptionTranslationFilter@746fda68, org.springframework.security.web.access.intercept.FilterSecurityInterceptor@35007b7a]
2022-11-15 16:52:49.853  INFO 1603 --- [    Test worker] o.a.c.c.C.[Tomcat].[localhost].[/]       : Initializing Spring TestDispatcherServlet ''
2022-11-15 16:52:49.854  INFO 1603 --- [    Test worker] o.s.t.web.servlet.TestDispatcherServlet  : Initializing Servlet ''
2022-11-15 16:52:49.855  INFO 1603 --- [    Test worker] o.s.t.web.servlet.TestDispatcherServlet  : Completed initialization in 1 ms
2022-11-15 16:52:49.907  INFO 1603 --- [    Test worker] o.s.b.w.embedded.tomcat.TomcatWebServer  : Tomcat started on port(s): 53587 (http) with context path ''
2022-11-15 16:52:50.002  INFO 1603 --- [    Test worker] c.e.s.f.api.SecurityControllerTest       : Started SecurityControllerTest in 1.727 seconds (JVM running for 7.744)
Hello, Spring!
]]></system-out>
  <system-err><![CDATA[]]></system-err>
</testsuite>
