<?xml version="1.0" encoding="UTF-8"?>
<testsuite name="com.emse.spring.faircop.api.WindowControllerTest" tests="3" skipped="0" failures="0" errors="0" timestamp="2022-11-15T22:36:53" hostname="MacBook-Pro-de-Ana.local" time="0.043">
  <properties/>
  <testcase name="shouldSwitchWindow()" classname="com.emse.spring.faircop.api.WindowControllerTest" time="0.006"/>
  <testcase name="shouldUpdateWindow()" classname="com.emse.spring.faircop.api.WindowControllerTest" time="0.031"/>
  <testcase name="shouldLoadWindows()" classname="com.emse.spring.faircop.api.WindowControllerTest" time="0.004"/>
  <system-out><![CDATA[2022-11-15 23:36:53.081  INFO 11148 --- [    Test worker] .b.t.a.w.s.WebMvcTestContextBootstrapper : Neither @ContextConfiguration nor @ContextHierarchy found for test class [com.emse.spring.faircop.api.WindowControllerTest], using SpringBootContextLoader
2022-11-15 23:36:53.081  INFO 11148 --- [    Test worker] o.s.t.c.support.AbstractContextLoader    : Could not detect default resource locations for test class [com.emse.spring.faircop.api.WindowControllerTest]: no resource found for suffixes {-context.xml, Context.groovy}.
2022-11-15 23:36:53.082  INFO 11148 --- [    Test worker] t.c.s.AnnotationConfigContextLoaderUtils : Could not detect default configuration classes for test class [com.emse.spring.faircop.api.WindowControllerTest]: WindowControllerTest does not declare any static, non-private, non-final, nested classes annotated with @Configuration.
2022-11-15 23:36:53.085  INFO 11148 --- [    Test worker] .b.t.c.SpringBootTestContextBootstrapper : Found @SpringBootConfiguration com.emse.spring.faircop.FaircopApplication for test class com.emse.spring.faircop.api.WindowControllerTest
2022-11-15 23:36:53.085  INFO 11148 --- [    Test worker] .b.t.a.w.s.WebMvcTestContextBootstrapper : Loaded default TestExecutionListener class names from location [META-INF/spring.factories]: [org.springframework.security.test.context.support.WithSecurityContextTestExecutionListener, org.springframework.security.test.context.support.ReactorContextTestExecutionListener, org.springframework.boot.test.autoconfigure.restdocs.RestDocsTestExecutionListener, org.springframework.boot.test.autoconfigure.web.client.MockRestServiceServerResetTestExecutionListener, org.springframework.boot.test.autoconfigure.web.servlet.MockMvcPrintOnlyOnFailureTestExecutionListener, org.springframework.boot.test.autoconfigure.web.servlet.WebDriverTestExecutionListener, org.springframework.boot.test.autoconfigure.webservices.client.MockWebServiceServerTestExecutionListener, org.springframework.boot.test.mock.mockito.MockitoTestExecutionListener, org.springframework.boot.test.mock.mockito.ResetMocksTestExecutionListener, org.springframework.test.context.web.ServletTestExecutionListener, org.springframework.test.context.support.DirtiesContextBeforeModesTestExecutionListener, org.springframework.test.context.event.ApplicationEventsTestExecutionListener, org.springframework.test.context.support.DependencyInjectionTestExecutionListener, org.springframework.test.context.support.DirtiesContextTestExecutionListener, org.springframework.test.context.transaction.TransactionalTestExecutionListener, org.springframework.test.context.jdbc.SqlScriptsTestExecutionListener, org.springframework.test.context.event.EventPublishingTestExecutionListener]
2022-11-15 23:36:53.086  INFO 11148 --- [    Test worker] .b.t.a.w.s.WebMvcTestContextBootstrapper : Using TestExecutionListeners: [org.springframework.test.context.web.ServletTestExecutionListener@6d386dff, org.springframework.test.context.support.DirtiesContextBeforeModesTestExecutionListener@1cf8d43b, org.springframework.test.context.event.ApplicationEventsTestExecutionListener@4ffe2ded, org.springframework.boot.test.mock.mockito.MockitoTestExecutionListener@187c011d, org.springframework.boot.test.autoconfigure.SpringBootDependencyInjectionTestExecutionListener@3605d078, org.springframework.test.context.support.DirtiesContextTestExecutionListener@6c86938f, org.springframework.test.context.transaction.TransactionalTestExecutionListener@52294ab7, org.springframework.test.context.jdbc.SqlScriptsTestExecutionListener@2a25dd06, org.springframework.security.test.context.support.WithSecurityContextTestExecutionListener@323b4e2a, org.springframework.test.context.event.EventPublishingTestExecutionListener@6a79a909, org.springframework.security.test.context.support.ReactorContextTestExecutionListener@721d3a03, org.springframework.boot.test.autoconfigure.restdocs.RestDocsTestExecutionListener@76d404ab, org.springframework.boot.test.autoconfigure.web.client.MockRestServiceServerResetTestExecutionListener@1ef64e45, org.springframework.boot.test.autoconfigure.web.servlet.MockMvcPrintOnlyOnFailureTestExecutionListener@39e08d73, org.springframework.boot.test.autoconfigure.web.servlet.WebDriverTestExecutionListener@2236756e, org.springframework.boot.test.autoconfigure.webservices.client.MockWebServiceServerTestExecutionListener@7491ccdf, org.springframework.boot.test.mock.mockito.ResetMocksTestExecutionListener@5839306e]

  .   ____          _            __ _ _
 /\\ / ___'_ __ _ _(_)_ __  __ _ \ \ \ \
( ( )\___ | '_ | '_| | '_ \/ _` | \ \ \ \
 \\/  ___)| |_)| | | | | || (_| |  ) ) ) )
  '  |____| .__|_| |_|_| |_\__, | / / / /
 =========|_|==============|___/=/_/_/_/
 :: Spring Boot ::                (v2.7.5)

2022-11-15 23:36:53.101  INFO 11148 --- [    Test worker] c.e.s.faircop.api.WindowControllerTest   : Starting WindowControllerTest using Java 17.0.4.1 on MacBook-Pro-de-Ana.local with PID 11148 (started by caca in /Users/caca/Desktop/França/Web_Programming_BackEnd/faircop)
2022-11-15 23:36:53.101  INFO 11148 --- [    Test worker] c.e.s.faircop.api.WindowControllerTest   : No active profile set, falling back to 1 default profile: "default"
2022-11-15 23:36:53.245  INFO 11148 --- [    Test worker] o.s.b.a.w.s.WelcomePageHandlerMapping    : Adding welcome page: class path resource [static/index.html]
2022-11-15 23:36:53.352  INFO 11148 --- [    Test worker] o.s.s.web.DefaultSecurityFilterChain     : Will secure any request with [org.springframework.security.web.session.DisableEncodeUrlFilter@402c3dce, org.springframework.security.web.context.request.async.WebAsyncManagerIntegrationFilter@5d0e1f13, org.springframework.security.web.context.SecurityContextPersistenceFilter@7e30050, org.springframework.security.web.header.HeaderWriterFilter@60af38ec, org.springframework.security.web.csrf.CsrfFilter@44d39d83, org.springframework.security.web.authentication.logout.LogoutFilter@50e3019b, org.springframework.security.web.authentication.UsernamePasswordAuthenticationFilter@3e549525, org.springframework.security.web.authentication.ui.DefaultLoginPageGeneratingFilter@1d17b20f, org.springframework.security.web.authentication.ui.DefaultLogoutPageGeneratingFilter@47e9542a, org.springframework.security.web.authentication.www.BasicAuthenticationFilter@2c143041, org.springframework.security.web.savedrequest.RequestCacheAwareFilter@7e9589b2, org.springframework.security.web.servletapi.SecurityContextHolderAwareRequestFilter@6764a6d4, org.springframework.security.web.authentication.AnonymousAuthenticationFilter@4af2f2ae, org.springframework.security.web.session.SessionManagementFilter@5f84a1a6, org.springframework.security.web.access.ExceptionTranslationFilter@27bbd688, org.springframework.security.web.access.intercept.FilterSecurityInterceptor@36d56d5d]
2022-11-15 23:36:53.369  INFO 11148 --- [    Test worker] o.s.b.t.m.w.SpringBootMockServletContext : Initializing Spring TestDispatcherServlet ''
2022-11-15 23:36:53.369  INFO 11148 --- [    Test worker] o.s.t.web.servlet.TestDispatcherServlet  : Initializing Servlet ''
2022-11-15 23:36:53.369  INFO 11148 --- [    Test worker] o.s.t.web.servlet.TestDispatcherServlet  : Completed initialization in 0 ms
2022-11-15 23:36:53.375  INFO 11148 --- [    Test worker] c.e.s.faircop.api.WindowControllerTest   : Started WindowControllerTest in 0.288 seconds (JVM running for 8.448)
]]></system-out>
  <system-err><![CDATA[]]></system-err>
</testsuite>
