<?xml version="1.0" encoding="UTF-8"?>
<testsuite name="com.emse.spring.faircop.api.HeaterControllerTest" tests="2" skipped="0" failures="0" errors="0" timestamp="2022-11-15T18:26:53" hostname="MacBook-Pro-de-Ana.local" time="0.058">
  <properties/>
  <testcase name="shouldSwitchHeater()" classname="com.emse.spring.faircop.api.HeaterControllerTest" time="0.051"/>
  <testcase name="shouldLoadHeaters()" classname="com.emse.spring.faircop.api.HeaterControllerTest" time="0.006"/>
  <system-out><![CDATA[2022-11-15 19:26:53.188  INFO 9020 --- [    Test worker] .b.t.a.w.s.WebMvcTestContextBootstrapper : Neither @ContextConfiguration nor @ContextHierarchy found for test class [com.emse.spring.faircop.api.HeaterControllerTest], using SpringBootContextLoader
2022-11-15 19:26:53.189  INFO 9020 --- [    Test worker] o.s.t.c.support.AbstractContextLoader    : Could not detect default resource locations for test class [com.emse.spring.faircop.api.HeaterControllerTest]: no resource found for suffixes {-context.xml, Context.groovy}.
2022-11-15 19:26:53.189  INFO 9020 --- [    Test worker] t.c.s.AnnotationConfigContextLoaderUtils : Could not detect default configuration classes for test class [com.emse.spring.faircop.api.HeaterControllerTest]: HeaterControllerTest does not declare any static, non-private, non-final, nested classes annotated with @Configuration.
2022-11-15 19:26:53.191  INFO 9020 --- [    Test worker] .b.t.c.SpringBootTestContextBootstrapper : Found @SpringBootConfiguration com.emse.spring.faircop.FaircopApplication for test class com.emse.spring.faircop.api.HeaterControllerTest
2022-11-15 19:26:53.192  INFO 9020 --- [    Test worker] .b.t.a.w.s.WebMvcTestContextBootstrapper : Loaded default TestExecutionListener class names from location [META-INF/spring.factories]: [org.springframework.security.test.context.support.WithSecurityContextTestExecutionListener, org.springframework.security.test.context.support.ReactorContextTestExecutionListener, org.springframework.boot.test.autoconfigure.restdocs.RestDocsTestExecutionListener, org.springframework.boot.test.autoconfigure.web.client.MockRestServiceServerResetTestExecutionListener, org.springframework.boot.test.autoconfigure.web.servlet.MockMvcPrintOnlyOnFailureTestExecutionListener, org.springframework.boot.test.autoconfigure.web.servlet.WebDriverTestExecutionListener, org.springframework.boot.test.autoconfigure.webservices.client.MockWebServiceServerTestExecutionListener, org.springframework.boot.test.mock.mockito.MockitoTestExecutionListener, org.springframework.boot.test.mock.mockito.ResetMocksTestExecutionListener, org.springframework.test.context.web.ServletTestExecutionListener, org.springframework.test.context.support.DirtiesContextBeforeModesTestExecutionListener, org.springframework.test.context.event.ApplicationEventsTestExecutionListener, org.springframework.test.context.support.DependencyInjectionTestExecutionListener, org.springframework.test.context.support.DirtiesContextTestExecutionListener, org.springframework.test.context.transaction.TransactionalTestExecutionListener, org.springframework.test.context.jdbc.SqlScriptsTestExecutionListener, org.springframework.test.context.event.EventPublishingTestExecutionListener]
2022-11-15 19:26:53.192  INFO 9020 --- [    Test worker] .b.t.a.w.s.WebMvcTestContextBootstrapper : Using TestExecutionListeners: [org.springframework.test.context.web.ServletTestExecutionListener@7c2b858d, org.springframework.test.context.support.DirtiesContextBeforeModesTestExecutionListener@4001dc35, org.springframework.test.context.event.ApplicationEventsTestExecutionListener@399ef33f, org.springframework.boot.test.mock.mockito.MockitoTestExecutionListener@39b752f4, org.springframework.boot.test.autoconfigure.SpringBootDependencyInjectionTestExecutionListener@1990afa2, org.springframework.test.context.support.DirtiesContextTestExecutionListener@57be28d1, org.springframework.test.context.transaction.TransactionalTestExecutionListener@19f72e12, org.springframework.test.context.jdbc.SqlScriptsTestExecutionListener@1ad4ff2a, org.springframework.security.test.context.support.WithSecurityContextTestExecutionListener@625ae6d, org.springframework.test.context.event.EventPublishingTestExecutionListener@207bf6d8, org.springframework.security.test.context.support.ReactorContextTestExecutionListener@5cdb7b, org.springframework.boot.test.autoconfigure.restdocs.RestDocsTestExecutionListener@3dcc59f5, org.springframework.boot.test.autoconfigure.web.client.MockRestServiceServerResetTestExecutionListener@16b1dee7, org.springframework.boot.test.autoconfigure.web.servlet.MockMvcPrintOnlyOnFailureTestExecutionListener@690337df, org.springframework.boot.test.autoconfigure.web.servlet.WebDriverTestExecutionListener@f62ae87, org.springframework.boot.test.autoconfigure.webservices.client.MockWebServiceServerTestExecutionListener@50be5d6f, org.springframework.boot.test.mock.mockito.ResetMocksTestExecutionListener@48e0e779]

  .   ____          _            __ _ _
 /\\ / ___'_ __ _ _(_)_ __  __ _ \ \ \ \
( ( )\___ | '_ | '_| | '_ \/ _` | \ \ \ \
 \\/  ___)| |_)| | | | | || (_| |  ) ) ) )
  '  |____| .__|_| |_|_| |_\__, | / / / /
 =========|_|==============|___/=/_/_/_/
 :: Spring Boot ::                (v2.7.5)

2022-11-15 19:26:53.209  INFO 9020 --- [    Test worker] c.e.s.faircop.api.HeaterControllerTest   : Starting HeaterControllerTest using Java 17.0.4.1 on MacBook-Pro-de-Ana.local with PID 9020 (started by caca in /Users/caca/Desktop/França/Web_Programming_BackEnd/faircop)
2022-11-15 19:26:53.209  INFO 9020 --- [    Test worker] c.e.s.faircop.api.HeaterControllerTest   : No active profile set, falling back to 1 default profile: "default"
2022-11-15 19:26:53.378  INFO 9020 --- [    Test worker] o.s.b.a.w.s.WelcomePageHandlerMapping    : Adding welcome page: class path resource [static/index.html]
2022-11-15 19:26:53.508  INFO 9020 --- [    Test worker] o.s.s.web.DefaultSecurityFilterChain     : Will secure any request with [org.springframework.security.web.session.DisableEncodeUrlFilter@4f0b02a3, org.springframework.security.web.context.request.async.WebAsyncManagerIntegrationFilter@3d3a3738, org.springframework.security.web.context.SecurityContextPersistenceFilter@f2120d5, org.springframework.security.web.header.HeaderWriterFilter@48332a63, org.springframework.security.web.csrf.CsrfFilter@72139933, org.springframework.security.web.authentication.logout.LogoutFilter@6c96e1d5, org.springframework.security.web.authentication.UsernamePasswordAuthenticationFilter@19bdfa3e, org.springframework.security.web.authentication.ui.DefaultLoginPageGeneratingFilter@52a1d6f, org.springframework.security.web.authentication.ui.DefaultLogoutPageGeneratingFilter@4ba056ab, org.springframework.security.web.authentication.www.BasicAuthenticationFilter@78e3bebd, org.springframework.security.web.savedrequest.RequestCacheAwareFilter@1afea182, org.springframework.security.web.servletapi.SecurityContextHolderAwareRequestFilter@4bcff08c, org.springframework.security.web.authentication.AnonymousAuthenticationFilter@2e530f34, org.springframework.security.web.session.SessionManagementFilter@6195e7d5, org.springframework.security.web.access.ExceptionTranslationFilter@59d99269, org.springframework.security.web.access.intercept.FilterSecurityInterceptor@8ff4795]
2022-11-15 19:26:53.532  INFO 9020 --- [    Test worker] o.s.b.t.m.w.SpringBootMockServletContext : Initializing Spring TestDispatcherServlet ''
2022-11-15 19:26:53.532  INFO 9020 --- [    Test worker] o.s.t.web.servlet.TestDispatcherServlet  : Initializing Servlet ''
2022-11-15 19:26:53.533  INFO 9020 --- [    Test worker] o.s.t.web.servlet.TestDispatcherServlet  : Completed initialization in 1 ms
2022-11-15 19:26:53.540  INFO 9020 --- [    Test worker] c.e.s.faircop.api.HeaterControllerTest   : Started HeaterControllerTest in 0.345 seconds (JVM running for 7.104)
]]></system-out>
  <system-err><![CDATA[]]></system-err>
</testsuite>
