<?xml version="1.0" encoding="UTF-8"?>
<testsuite name="com.emse.spring.faircop.FaircopApplicationTests" tests="1" skipped="0" failures="0" errors="0" timestamp="2022-11-15T16:43:46" hostname="MacBook-Pro-de-Ana.local" time="0.143">
  <properties/>
  <testcase name="contextLoads()" classname="com.emse.spring.faircop.FaircopApplicationTests" time="0.143"/>
  <system-out><![CDATA[17:43:41.563 [Test worker] DEBUG org.springframework.test.context.BootstrapUtils - Instantiating CacheAwareContextLoaderDelegate from class [org.springframework.test.context.cache.DefaultCacheAwareContextLoaderDelegate]
17:43:41.573 [Test worker] DEBUG org.springframework.test.context.BootstrapUtils - Instantiating BootstrapContext using constructor [public org.springframework.test.context.support.DefaultBootstrapContext(java.lang.Class,org.springframework.test.context.CacheAwareContextLoaderDelegate)]
17:43:41.603 [Test worker] DEBUG org.springframework.test.context.BootstrapUtils - Instantiating TestContextBootstrapper for test class [com.emse.spring.faircop.FaircopApplicationTests] from class [org.springframework.boot.test.context.SpringBootTestContextBootstrapper]
17:43:41.614 [Test worker] INFO org.springframework.boot.test.context.SpringBootTestContextBootstrapper - Neither @ContextConfiguration nor @ContextHierarchy found for test class [com.emse.spring.faircop.FaircopApplicationTests], using SpringBootContextLoader
17:43:41.618 [Test worker] DEBUG org.springframework.test.context.support.AbstractContextLoader - Did not detect default resource location for test class [com.emse.spring.faircop.FaircopApplicationTests]: class path resource [com/emse/spring/faircop/FaircopApplicationTests-context.xml] does not exist
17:43:41.618 [Test worker] DEBUG org.springframework.test.context.support.AbstractContextLoader - Did not detect default resource location for test class [com.emse.spring.faircop.FaircopApplicationTests]: class path resource [com/emse/spring/faircop/FaircopApplicationTestsContext.groovy] does not exist
17:43:41.618 [Test worker] INFO org.springframework.test.context.support.AbstractContextLoader - Could not detect default resource locations for test class [com.emse.spring.faircop.FaircopApplicationTests]: no resource found for suffixes {-context.xml, Context.groovy}.
17:43:41.619 [Test worker] INFO org.springframework.test.context.support.AnnotationConfigContextLoaderUtils - Could not detect default configuration classes for test class [com.emse.spring.faircop.FaircopApplicationTests]: FaircopApplicationTests does not declare any static, non-private, non-final, nested classes annotated with @Configuration.
17:43:41.665 [Test worker] DEBUG org.springframework.test.context.support.ActiveProfilesUtils - Could not find an 'annotation declaring class' for annotation type [org.springframework.test.context.ActiveProfiles] and class [com.emse.spring.faircop.FaircopApplicationTests]
17:43:41.705 [Test worker] DEBUG org.springframework.context.annotation.ClassPathScanningCandidateComponentProvider - Identified candidate component class: file [/Users/caca/Desktop/França/Web_Programming_BackEnd/faircop/build/classes/java/main/com/emse/spring/faircop/FaircopApplication.class]
17:43:41.709 [Test worker] INFO org.springframework.boot.test.context.SpringBootTestContextBootstrapper - Found @SpringBootConfiguration com.emse.spring.faircop.FaircopApplication for test class com.emse.spring.faircop.FaircopApplicationTests
17:43:41.795 [Test worker] DEBUG org.springframework.boot.test.context.SpringBootTestContextBootstrapper - @TestExecutionListeners is not present for class [com.emse.spring.faircop.FaircopApplicationTests]: using defaults.
17:43:41.796 [Test worker] INFO org.springframework.boot.test.context.SpringBootTestContextBootstrapper - Loaded default TestExecutionListener class names from location [META-INF/spring.factories]: [org.springframework.security.test.context.support.WithSecurityContextTestExecutionListener, org.springframework.security.test.context.support.ReactorContextTestExecutionListener, org.springframework.boot.test.autoconfigure.restdocs.RestDocsTestExecutionListener, org.springframework.boot.test.autoconfigure.web.client.MockRestServiceServerResetTestExecutionListener, org.springframework.boot.test.autoconfigure.web.servlet.MockMvcPrintOnlyOnFailureTestExecutionListener, org.springframework.boot.test.autoconfigure.web.servlet.WebDriverTestExecutionListener, org.springframework.boot.test.autoconfigure.webservices.client.MockWebServiceServerTestExecutionListener, org.springframework.boot.test.mock.mockito.MockitoTestExecutionListener, org.springframework.boot.test.mock.mockito.ResetMocksTestExecutionListener, org.springframework.test.context.web.ServletTestExecutionListener, org.springframework.test.context.support.DirtiesContextBeforeModesTestExecutionListener, org.springframework.test.context.event.ApplicationEventsTestExecutionListener, org.springframework.test.context.support.DependencyInjectionTestExecutionListener, org.springframework.test.context.support.DirtiesContextTestExecutionListener, org.springframework.test.context.transaction.TransactionalTestExecutionListener, org.springframework.test.context.jdbc.SqlScriptsTestExecutionListener, org.springframework.test.context.event.EventPublishingTestExecutionListener]
17:43:41.813 [Test worker] INFO org.springframework.boot.test.context.SpringBootTestContextBootstrapper - Using TestExecutionListeners: [org.springframework.test.context.web.ServletTestExecutionListener@3a320ade, org.springframework.test.context.support.DirtiesContextBeforeModesTestExecutionListener@64beebb7, org.springframework.test.context.event.ApplicationEventsTestExecutionListener@7813cb11, org.springframework.boot.test.mock.mockito.MockitoTestExecutionListener@bcec031, org.springframework.boot.test.autoconfigure.SpringBootDependencyInjectionTestExecutionListener@21005f6c, org.springframework.test.context.support.DirtiesContextTestExecutionListener@32f0fba8, org.springframework.test.context.transaction.TransactionalTestExecutionListener@545de5a4, org.springframework.test.context.jdbc.SqlScriptsTestExecutionListener@29ef6856, org.springframework.security.test.context.support.WithSecurityContextTestExecutionListener@ab7a938, org.springframework.test.context.event.EventPublishingTestExecutionListener@3faf2e7d, org.springframework.security.test.context.support.ReactorContextTestExecutionListener@4648ce9, org.springframework.boot.test.autoconfigure.restdocs.RestDocsTestExecutionListener@569bf9eb, org.springframework.boot.test.autoconfigure.web.client.MockRestServiceServerResetTestExecutionListener@61526469, org.springframework.boot.test.autoconfigure.web.servlet.MockMvcPrintOnlyOnFailureTestExecutionListener@274872f8, org.springframework.boot.test.autoconfigure.web.servlet.WebDriverTestExecutionListener@76ba13c, org.springframework.boot.test.autoconfigure.webservices.client.MockWebServiceServerTestExecutionListener@eb6449b, org.springframework.boot.test.mock.mockito.ResetMocksTestExecutionListener@7c351808]
17:43:41.817 [Test worker] DEBUG org.springframework.test.context.support.AbstractDirtiesContextTestExecutionListener - Before test class: context [DefaultTestContext@2c1b9e4b testClass = FaircopApplicationTests, testInstance = [null], testMethod = [null], testException = [null], mergedContextConfiguration = [WebMergedContextConfiguration@757d6814 testClass = FaircopApplicationTests, locations = '{}', classes = '{class com.emse.spring.faircop.FaircopApplication}', contextInitializerClasses = '[]', activeProfiles = '{}', propertySourceLocations = '{}', propertySourceProperties = '{org.springframework.boot.test.context.SpringBootTestContextBootstrapper=true}', contextCustomizers = set[org.springframework.boot.test.autoconfigure.actuate.metrics.MetricsExportContextCustomizerFactory$DisableMetricExportContextCustomizer@4ce1d6d0, org.springframework.boot.test.autoconfigure.properties.PropertyMappingContextCustomizer@0, org.springframework.boot.test.autoconfigure.web.servlet.WebDriverContextCustomizerFactory$Customizer@7776ab, [ImportsContextCustomizer@649725e3 key = [@org.springframework.security.config.annotation.authentication.configuration.EnableGlobalAuthentication(), @org.springframework.stereotype.Indexed(), @org.springframework.stereotype.Component(""), @org.springframework.context.annotation.Import({org.springframework.security.config.annotation.method.configuration.GlobalMethodSecuritySelector.class}), @org.springframework.boot.test.context.SpringBootTest(args={}, webEnvironment=MOCK, value={}, properties={}, classes={}), @org.springframework.test.context.BootstrapWith(org.springframework.boot.test.context.SpringBootTestContextBootstrapper.class), @org.springframework.context.annotation.Import({org.springframework.security.config.annotation.authentication.configuration.AuthenticationConfiguration.class}), @org.springframework.context.annotation.Configuration(value="", proxyBeanMethods=true), @org.springframework.security.config.annotation.method.configuration.EnableGlobalMethodSecurity(mode=PROXY, securedEnabled=true, prePostEnabled=false, jsr250Enabled=false, order=2147483647, proxyTargetClass=false)]], org.springframework.boot.test.context.filter.ExcludeFilterContextCustomizer@797cf65c, org.springframework.boot.test.json.DuplicateJsonObjectContextCustomizerFactory$DuplicateJsonObjectContextCustomizer@7862f56, org.springframework.boot.test.mock.mockito.MockitoContextCustomizer@0, org.springframework.boot.test.web.client.TestRestTemplateContextCustomizer@8dbfffb, org.springframework.boot.test.context.SpringBootTestArgs@1, org.springframework.boot.test.context.SpringBootTestWebEnvironment@60015ef5], resourceBasePath = 'src/main/webapp', contextLoader = 'org.springframework.boot.test.context.SpringBootContextLoader', parent = [null]], attributes = map['org.springframework.test.context.web.ServletTestExecutionListener.activateListener' -> true]], class annotated with @DirtiesContext [false] with mode [null].

  .   ____          _            __ _ _
 /\\ / ___'_ __ _ _(_)_ __  __ _ \ \ \ \
( ( )\___ | '_ | '_| | '_ \/ _` | \ \ \ \
 \\/  ___)| |_)| | | | | || (_| |  ) ) ) )
  '  |____| .__|_| |_|_| |_\__, | / / / /
 =========|_|==============|___/=/_/_/_/
 :: Spring Boot ::                (v2.7.5)

2022-11-15 17:43:42.071  INFO 4343 --- [    Test worker] c.e.s.faircop.FaircopApplicationTests    : Starting FaircopApplicationTests using Java 17.0.4.1 on MacBook-Pro-de-Ana.local with PID 4343 (started by caca in /Users/caca/Desktop/França/Web_Programming_BackEnd/faircop)
2022-11-15 17:43:42.073  INFO 4343 --- [    Test worker] c.e.s.faircop.FaircopApplicationTests    : No active profile set, falling back to 1 default profile: "default"
2022-11-15 17:43:42.800  INFO 4343 --- [    Test worker] .s.d.r.c.RepositoryConfigurationDelegate : Bootstrapping Spring Data JPA repositories in DEFAULT mode.
2022-11-15 17:43:42.853  INFO 4343 --- [    Test worker] .s.d.r.c.RepositoryConfigurationDelegate : Finished Spring Data repository scanning in 46 ms. Found 4 JPA repository interfaces.
2022-11-15 17:43:43.337  INFO 4343 --- [    Test worker] com.zaxxer.hikari.HikariDataSource       : HikariPool-1 - Starting...
2022-11-15 17:43:43.473  INFO 4343 --- [    Test worker] com.zaxxer.hikari.HikariDataSource       : HikariPool-1 - Start completed.
2022-11-15 17:43:43.527  INFO 4343 --- [    Test worker] o.hibernate.jpa.internal.util.LogHelper  : HHH000204: Processing PersistenceUnitInfo [name: default]
2022-11-15 17:43:43.577  INFO 4343 --- [    Test worker] org.hibernate.Version                    : HHH000412: Hibernate ORM core version 5.6.12.Final
2022-11-15 17:43:43.717  INFO 4343 --- [    Test worker] o.hibernate.annotations.common.Version   : HCANN000001: Hibernate Commons Annotations {5.1.2.Final}
2022-11-15 17:43:43.802  INFO 4343 --- [    Test worker] org.hibernate.dialect.Dialect            : HHH000400: Using dialect: org.hibernate.dialect.H2Dialect
Hibernate: drop table if exists building CASCADE 
Hibernate: drop table if exists heater CASCADE 
Hibernate: drop table if exists room CASCADE 
Hibernate: drop table if exists rwindow CASCADE 
Hibernate: drop sequence if exists hibernate_sequence
Hibernate: create sequence hibernate_sequence start with 1 increment by 1
Hibernate: create table building (id bigint not null, name varchar(255) not null, primary key (id))
Hibernate: create table heater (id bigint not null, heater_status varchar(255) not null, name varchar(255) not null, power bigint, room_id bigint not null, primary key (id))
Hibernate: create table room (id bigint not null, current_temperature double, floor integer not null, name varchar(255) not null, target_temperature double, building_id bigint, primary key (id))
Hibernate: create table rwindow (id bigint not null, name varchar(255) not null, window_status varchar(255) not null, room_id bigint not null, primary key (id))
Hibernate: alter table heater add constraint FKba10hbsubifukw0monybjx3a0 foreign key (room_id) references room
Hibernate: alter table room add constraint FK4kmfw73x2vpfymk0ml875rh2q foreign key (building_id) references building on delete cascade
Hibernate: alter table rwindow add constraint FK621arbu4dtuis4nf2o3xtapfn foreign key (room_id) references room
2022-11-15 17:43:44.315  INFO 4343 --- [    Test worker] o.h.e.t.j.p.i.JtaPlatformInitiator       : HHH000490: Using JtaPlatform implementation: [org.hibernate.engine.transaction.jta.platform.internal.NoJtaPlatform]
2022-11-15 17:43:44.321  INFO 4343 --- [    Test worker] j.LocalContainerEntityManagerFactoryBean : Initialized JPA EntityManagerFactory for persistence unit 'default'
2022-11-15 17:43:44.981  WARN 4343 --- [    Test worker] JpaBaseConfiguration$JpaWebConfiguration : spring.jpa.open-in-view is enabled by default. Therefore, database queries may be performed during view rendering. Explicitly configure spring.jpa.open-in-view to disable this warning
2022-11-15 17:43:45.061  INFO 4343 --- [    Test worker] o.s.b.a.h2.H2ConsoleAutoConfiguration    : H2 console available at '/console'. Database available at 'jdbc:h2:mem:faircop'
2022-11-15 17:43:45.523  INFO 4343 --- [    Test worker] o.s.s.web.DefaultSecurityFilterChain     : Will secure Ant [pattern='/api/**'] with [org.springframework.security.web.session.DisableEncodeUrlFilter@669b8190, org.springframework.security.web.context.request.async.WebAsyncManagerIntegrationFilter@5fdcc63f, org.springframework.security.web.context.SecurityContextPersistenceFilter@6980fa39, org.springframework.security.web.header.HeaderWriterFilter@19f9287a, org.springframework.security.web.csrf.CsrfFilter@5f6b1f19, org.springframework.security.web.authentication.logout.LogoutFilter@ee7a538, org.springframework.security.web.authentication.UsernamePasswordAuthenticationFilter@2cc82c83, org.springframework.security.web.authentication.ui.DefaultLoginPageGeneratingFilter@1cc878e6, org.springframework.security.web.authentication.ui.DefaultLogoutPageGeneratingFilter@27f8f1cc, org.springframework.security.web.authentication.www.BasicAuthenticationFilter@1e14ed59, org.springframework.security.web.savedrequest.RequestCacheAwareFilter@3dedc8b8, org.springframework.security.web.servletapi.SecurityContextHolderAwareRequestFilter@5352bc0e, org.springframework.security.web.authentication.AnonymousAuthenticationFilter@473c491, org.springframework.security.web.session.SessionManagementFilter@3a1540be, org.springframework.security.web.access.ExceptionTranslationFilter@8929865, org.springframework.security.web.access.intercept.FilterSecurityInterceptor@7715d43c]
2022-11-15 17:43:45.530  INFO 4343 --- [    Test worker] o.s.s.web.DefaultSecurityFilterChain     : Will secure any request with [org.springframework.security.web.session.DisableEncodeUrlFilter@14af9f51, org.springframework.security.web.context.request.async.WebAsyncManagerIntegrationFilter@2bfe4df9, org.springframework.security.web.context.SecurityContextPersistenceFilter@4f5d7091, org.springframework.security.web.header.HeaderWriterFilter@37c49a55, org.springframework.security.web.csrf.CsrfFilter@54d116d5, org.springframework.security.web.authentication.logout.LogoutFilter@4dfe56dc, org.springframework.security.web.authentication.UsernamePasswordAuthenticationFilter@1eaf4e77, org.springframework.security.web.authentication.ui.DefaultLoginPageGeneratingFilter@34128fed, org.springframework.security.web.authentication.ui.DefaultLogoutPageGeneratingFilter@4f466207, org.springframework.security.web.authentication.www.BasicAuthenticationFilter@23cfc9eb, org.springframework.security.web.savedrequest.RequestCacheAwareFilter@18b88f7, org.springframework.security.web.servletapi.SecurityContextHolderAwareRequestFilter@128ebca1, org.springframework.security.web.authentication.AnonymousAuthenticationFilter@121b7a95, org.springframework.security.web.session.SessionManagementFilter@13e6ab86, org.springframework.security.web.access.ExceptionTranslationFilter@7057d9f4, org.springframework.security.web.access.intercept.FilterSecurityInterceptor@4a5eb613]
2022-11-15 17:43:45.534  INFO 4343 --- [    Test worker] o.s.s.web.DefaultSecurityFilterChain     : Will secure Ant [pattern='/api/users/**'] with [org.springframework.security.web.session.DisableEncodeUrlFilter@34947355, org.springframework.security.web.context.request.async.WebAsyncManagerIntegrationFilter@62ad5f35, org.springframework.security.web.context.SecurityContextPersistenceFilter@579cfcc4, org.springframework.security.web.header.HeaderWriterFilter@56e9126f, org.springframework.security.web.csrf.CsrfFilter@23974cac, org.springframework.security.web.authentication.logout.LogoutFilter@d60aa4, org.springframework.security.web.authentication.UsernamePasswordAuthenticationFilter@74f9004c, org.springframework.security.web.authentication.ui.DefaultLoginPageGeneratingFilter@3ed3e66d, org.springframework.security.web.authentication.ui.DefaultLogoutPageGeneratingFilter@5e6ad84c, org.springframework.security.web.authentication.www.BasicAuthenticationFilter@4f2a0909, org.springframework.security.web.savedrequest.RequestCacheAwareFilter@57eb2555, org.springframework.security.web.servletapi.SecurityContextHolderAwareRequestFilter@490f2fad, org.springframework.security.web.authentication.AnonymousAuthenticationFilter@4117e0c9, org.springframework.security.web.session.SessionManagementFilter@4e773b8a, org.springframework.security.web.access.ExceptionTranslationFilter@85104d6, org.springframework.security.web.access.intercept.FilterSecurityInterceptor@65067d37]
2022-11-15 17:43:45.772  INFO 4343 --- [    Test worker] o.s.b.a.w.s.WelcomePageHandlerMapping    : Adding welcome page: class path resource [static/index.html]
2022-11-15 17:43:46.242  INFO 4343 --- [    Test worker] c.e.s.faircop.FaircopApplicationTests    : Started FaircopApplicationTests in 4.393 seconds (JVM running for 5.356)
Hello, Spring!
]]></system-out>
  <system-err><![CDATA[]]></system-err>
</testsuite>
