<?xml version="1.0" encoding="UTF-8"?>
<testsuite name="com.emse.spring.faircop.FaircopApplicationTests" tests="1" skipped="0" failures="0" errors="0" timestamp="2022-11-15T22:36:50" hostname="MacBook-Pro-de-Ana.local" time="0.115">
  <properties/>
  <testcase name="contextLoads()" classname="com.emse.spring.faircop.FaircopApplicationTests" time="0.115"/>
  <system-out><![CDATA[23:36:45.581 [Test worker] DEBUG org.springframework.test.context.BootstrapUtils - Instantiating CacheAwareContextLoaderDelegate from class [org.springframework.test.context.cache.DefaultCacheAwareContextLoaderDelegate]
23:36:45.589 [Test worker] DEBUG org.springframework.test.context.BootstrapUtils - Instantiating BootstrapContext using constructor [public org.springframework.test.context.support.DefaultBootstrapContext(java.lang.Class,org.springframework.test.context.CacheAwareContextLoaderDelegate)]
23:36:45.615 [Test worker] DEBUG org.springframework.test.context.BootstrapUtils - Instantiating TestContextBootstrapper for test class [com.emse.spring.faircop.FaircopApplicationTests] from class [org.springframework.boot.test.context.SpringBootTestContextBootstrapper]
23:36:45.625 [Test worker] INFO org.springframework.boot.test.context.SpringBootTestContextBootstrapper - Neither @ContextConfiguration nor @ContextHierarchy found for test class [com.emse.spring.faircop.FaircopApplicationTests], using SpringBootContextLoader
23:36:45.629 [Test worker] DEBUG org.springframework.test.context.support.AbstractContextLoader - Did not detect default resource location for test class [com.emse.spring.faircop.FaircopApplicationTests]: class path resource [com/emse/spring/faircop/FaircopApplicationTests-context.xml] does not exist
23:36:45.629 [Test worker] DEBUG org.springframework.test.context.support.AbstractContextLoader - Did not detect default resource location for test class [com.emse.spring.faircop.FaircopApplicationTests]: class path resource [com/emse/spring/faircop/FaircopApplicationTestsContext.groovy] does not exist
23:36:45.629 [Test worker] INFO org.springframework.test.context.support.AbstractContextLoader - Could not detect default resource locations for test class [com.emse.spring.faircop.FaircopApplicationTests]: no resource found for suffixes {-context.xml, Context.groovy}.
23:36:45.630 [Test worker] INFO org.springframework.test.context.support.AnnotationConfigContextLoaderUtils - Could not detect default configuration classes for test class [com.emse.spring.faircop.FaircopApplicationTests]: FaircopApplicationTests does not declare any static, non-private, non-final, nested classes annotated with @Configuration.
23:36:45.670 [Test worker] DEBUG org.springframework.test.context.support.ActiveProfilesUtils - Could not find an 'annotation declaring class' for annotation type [org.springframework.test.context.ActiveProfiles] and class [com.emse.spring.faircop.FaircopApplicationTests]
23:36:45.704 [Test worker] DEBUG org.springframework.context.annotation.ClassPathScanningCandidateComponentProvider - Identified candidate component class: file [/Users/caca/Desktop/França/Web_Programming_BackEnd/faircop/build/classes/java/main/com/emse/spring/faircop/FaircopApplication.class]
23:36:45.708 [Test worker] INFO org.springframework.boot.test.context.SpringBootTestContextBootstrapper - Found @SpringBootConfiguration com.emse.spring.faircop.FaircopApplication for test class com.emse.spring.faircop.FaircopApplicationTests
23:36:45.767 [Test worker] DEBUG org.springframework.boot.test.context.SpringBootTestContextBootstrapper - @TestExecutionListeners is not present for class [com.emse.spring.faircop.FaircopApplicationTests]: using defaults.
23:36:45.767 [Test worker] INFO org.springframework.boot.test.context.SpringBootTestContextBootstrapper - Loaded default TestExecutionListener class names from location [META-INF/spring.factories]: [org.springframework.security.test.context.support.WithSecurityContextTestExecutionListener, org.springframework.security.test.context.support.ReactorContextTestExecutionListener, org.springframework.boot.test.autoconfigure.restdocs.RestDocsTestExecutionListener, org.springframework.boot.test.autoconfigure.web.client.MockRestServiceServerResetTestExecutionListener, org.springframework.boot.test.autoconfigure.web.servlet.MockMvcPrintOnlyOnFailureTestExecutionListener, org.springframework.boot.test.autoconfigure.web.servlet.WebDriverTestExecutionListener, org.springframework.boot.test.autoconfigure.webservices.client.MockWebServiceServerTestExecutionListener, org.springframework.boot.test.mock.mockito.MockitoTestExecutionListener, org.springframework.boot.test.mock.mockito.ResetMocksTestExecutionListener, org.springframework.test.context.web.ServletTestExecutionListener, org.springframework.test.context.support.DirtiesContextBeforeModesTestExecutionListener, org.springframework.test.context.event.ApplicationEventsTestExecutionListener, org.springframework.test.context.support.DependencyInjectionTestExecutionListener, org.springframework.test.context.support.DirtiesContextTestExecutionListener, org.springframework.test.context.transaction.TransactionalTestExecutionListener, org.springframework.test.context.jdbc.SqlScriptsTestExecutionListener, org.springframework.test.context.event.EventPublishingTestExecutionListener]
23:36:45.781 [Test worker] INFO org.springframework.boot.test.context.SpringBootTestContextBootstrapper - Using TestExecutionListeners: [org.springframework.test.context.web.ServletTestExecutionListener@757d6814, org.springframework.test.context.support.DirtiesContextBeforeModesTestExecutionListener@649725e3, org.springframework.test.context.event.ApplicationEventsTestExecutionListener@3c0fae6c, org.springframework.boot.test.mock.mockito.MockitoTestExecutionListener@4c168660, org.springframework.boot.test.autoconfigure.SpringBootDependencyInjectionTestExecutionListener@52b56a3e, org.springframework.test.context.support.DirtiesContextTestExecutionListener@fd0e5b6, org.springframework.test.context.transaction.TransactionalTestExecutionListener@4eed46ee, org.springframework.test.context.jdbc.SqlScriptsTestExecutionListener@36b0fcd5, org.springframework.security.test.context.support.WithSecurityContextTestExecutionListener@4fad94a7, org.springframework.test.context.event.EventPublishingTestExecutionListener@475835b1, org.springframework.security.test.context.support.ReactorContextTestExecutionListener@6326d182, org.springframework.boot.test.autoconfigure.restdocs.RestDocsTestExecutionListener@5241cf67, org.springframework.boot.test.autoconfigure.web.client.MockRestServiceServerResetTestExecutionListener@716a7124, org.springframework.boot.test.autoconfigure.web.servlet.MockMvcPrintOnlyOnFailureTestExecutionListener@77192705, org.springframework.boot.test.autoconfigure.web.servlet.WebDriverTestExecutionListener@226642a5, org.springframework.boot.test.autoconfigure.webservices.client.MockWebServiceServerTestExecutionListener@7e809b79, org.springframework.boot.test.mock.mockito.ResetMocksTestExecutionListener@5cc126dc]
23:36:45.784 [Test worker] DEBUG org.springframework.test.context.support.AbstractDirtiesContextTestExecutionListener - Before test class: context [DefaultTestContext@6273c5a4 testClass = FaircopApplicationTests, testInstance = [null], testMethod = [null], testException = [null], mergedContextConfiguration = [WebMergedContextConfiguration@5d465e4b testClass = FaircopApplicationTests, locations = '{}', classes = '{class com.emse.spring.faircop.FaircopApplication}', contextInitializerClasses = '[]', activeProfiles = '{}', propertySourceLocations = '{}', propertySourceProperties = '{org.springframework.boot.test.context.SpringBootTestContextBootstrapper=true}', contextCustomizers = set[org.springframework.boot.test.autoconfigure.actuate.metrics.MetricsExportContextCustomizerFactory$DisableMetricExportContextCustomizer@403f0a22, org.springframework.boot.test.autoconfigure.properties.PropertyMappingContextCustomizer@0, org.springframework.boot.test.autoconfigure.web.servlet.WebDriverContextCustomizerFactory$Customizer@1a6c1270, [ImportsContextCustomizer@53e211ee key = [@org.springframework.security.config.annotation.authentication.configuration.EnableGlobalAuthentication(), @org.springframework.stereotype.Indexed(), @org.springframework.stereotype.Component(""), @org.springframework.context.annotation.Import({org.springframework.security.config.annotation.method.configuration.GlobalMethodSecuritySelector.class}), @org.springframework.boot.test.context.SpringBootTest(args={}, webEnvironment=MOCK, value={}, properties={}, classes={}), @org.springframework.test.context.BootstrapWith(org.springframework.boot.test.context.SpringBootTestContextBootstrapper.class), @org.springframework.context.annotation.Import({org.springframework.security.config.annotation.authentication.configuration.AuthenticationConfiguration.class}), @org.springframework.context.annotation.Configuration(value="", proxyBeanMethods=true), @org.springframework.security.config.annotation.method.configuration.EnableGlobalMethodSecurity(mode=PROXY, securedEnabled=true, prePostEnabled=false, jsr250Enabled=false, order=2147483647, proxyTargetClass=false)]], org.springframework.boot.test.context.filter.ExcludeFilterContextCustomizer@2445445a, org.springframework.boot.test.json.DuplicateJsonObjectContextCustomizerFactory$DuplicateJsonObjectContextCustomizer@22bac7bc, org.springframework.boot.test.mock.mockito.MockitoContextCustomizer@0, org.springframework.boot.test.web.client.TestRestTemplateContextCustomizer@16c63f5, org.springframework.boot.test.context.SpringBootTestArgs@1, org.springframework.boot.test.context.SpringBootTestWebEnvironment@60015ef5], resourceBasePath = 'src/main/webapp', contextLoader = 'org.springframework.boot.test.context.SpringBootContextLoader', parent = [null]], attributes = map['org.springframework.test.context.web.ServletTestExecutionListener.activateListener' -> true]], class annotated with @DirtiesContext [false] with mode [null].

  .   ____          _            __ _ _
 /\\ / ___'_ __ _ _(_)_ __  __ _ \ \ \ \
( ( )\___ | '_ | '_| | '_ \/ _` | \ \ \ \
 \\/  ___)| |_)| | | | | || (_| |  ) ) ) )
  '  |____| .__|_| |_|_| |_\__, | / / / /
 =========|_|==============|___/=/_/_/_/
 :: Spring Boot ::                (v2.7.5)

2022-11-15 23:36:46.002  INFO 11148 --- [    Test worker] c.e.s.faircop.FaircopApplicationTests    : Starting FaircopApplicationTests using Java 17.0.4.1 on MacBook-Pro-de-Ana.local with PID 11148 (started by caca in /Users/caca/Desktop/França/Web_Programming_BackEnd/faircop)
2022-11-15 23:36:46.004  INFO 11148 --- [    Test worker] c.e.s.faircop.FaircopApplicationTests    : No active profile set, falling back to 1 default profile: "default"
2022-11-15 23:36:46.586  INFO 11148 --- [    Test worker] .s.d.r.c.RepositoryConfigurationDelegate : Bootstrapping Spring Data JPA repositories in DEFAULT mode.
2022-11-15 23:36:46.638  INFO 11148 --- [    Test worker] .s.d.r.c.RepositoryConfigurationDelegate : Finished Spring Data repository scanning in 44 ms. Found 4 JPA repository interfaces.
2022-11-15 23:36:47.095  INFO 11148 --- [    Test worker] com.zaxxer.hikari.HikariDataSource       : HikariPool-1 - Starting...
2022-11-15 23:36:47.227  INFO 11148 --- [    Test worker] com.zaxxer.hikari.HikariDataSource       : HikariPool-1 - Start completed.
2022-11-15 23:36:47.278  INFO 11148 --- [    Test worker] o.hibernate.jpa.internal.util.LogHelper  : HHH000204: Processing PersistenceUnitInfo [name: default]
2022-11-15 23:36:47.319  INFO 11148 --- [    Test worker] org.hibernate.Version                    : HHH000412: Hibernate ORM core version 5.6.12.Final
2022-11-15 23:36:47.454  INFO 11148 --- [    Test worker] o.hibernate.annotations.common.Version   : HCANN000001: Hibernate Commons Annotations {5.1.2.Final}
2022-11-15 23:36:47.539  INFO 11148 --- [    Test worker] org.hibernate.dialect.Dialect            : HHH000400: Using dialect: org.hibernate.dialect.H2Dialect
Hibernate: drop table if exists building CASCADE 
Hibernate: drop table if exists heater CASCADE 
Hibernate: drop table if exists room CASCADE 
Hibernate: drop table if exists rwindow CASCADE 
Hibernate: drop sequence if exists hibernate_sequence
Hibernate: create sequence hibernate_sequence start with 1 increment by 1
Hibernate: create table building (id bigint not null, name varchar(255) not null, primary key (id))
Hibernate: create table heater (id bigint not null, heater_status varchar(255) not null, name varchar(255) not null, power bigint, room_id bigint not null, primary key (id))
Hibernate: create table room (id bigint not null, current_temperature double, floor integer not null, name varchar(255) not null, target_temperature double, building_id bigint, primary key (id))
Hibernate: create table rwindow (id bigint not null, name varchar(255) not null, window_status varchar(255) not null, room_id bigint not null, primary key (id))
Hibernate: alter table heater add constraint FKba10hbsubifukw0monybjx3a0 foreign key (room_id) references room
Hibernate: alter table room add constraint FK4kmfw73x2vpfymk0ml875rh2q foreign key (building_id) references building on delete cascade
Hibernate: alter table rwindow add constraint FK621arbu4dtuis4nf2o3xtapfn foreign key (room_id) references room
2022-11-15 23:36:48.005  INFO 11148 --- [    Test worker] o.h.e.t.j.p.i.JtaPlatformInitiator       : HHH000490: Using JtaPlatform implementation: [org.hibernate.engine.transaction.jta.platform.internal.NoJtaPlatform]
2022-11-15 23:36:48.011  INFO 11148 --- [    Test worker] j.LocalContainerEntityManagerFactoryBean : Initialized JPA EntityManagerFactory for persistence unit 'default'
2022-11-15 23:36:48.670  WARN 11148 --- [    Test worker] JpaBaseConfiguration$JpaWebConfiguration : spring.jpa.open-in-view is enabled by default. Therefore, database queries may be performed during view rendering. Explicitly configure spring.jpa.open-in-view to disable this warning
2022-11-15 23:36:48.746  INFO 11148 --- [    Test worker] o.s.b.a.h2.H2ConsoleAutoConfiguration    : H2 console available at '/console'. Database available at 'jdbc:h2:mem:faircop'
2022-11-15 23:36:49.225  INFO 11148 --- [    Test worker] o.s.s.web.DefaultSecurityFilterChain     : Will secure Ant [pattern='/api/**'] with [org.springframework.security.web.session.DisableEncodeUrlFilter@34128fed, org.springframework.security.web.context.request.async.WebAsyncManagerIntegrationFilter@10efb806, org.springframework.security.web.context.SecurityContextPersistenceFilter@31b6eec8, org.springframework.security.web.header.HeaderWriterFilter@57d0c779, org.springframework.security.web.csrf.CsrfFilter@4b517357, org.springframework.security.web.authentication.logout.LogoutFilter@14b0b7f9, org.springframework.security.web.authentication.UsernamePasswordAuthenticationFilter@2d21d12b, org.springframework.security.web.authentication.ui.DefaultLoginPageGeneratingFilter@7a0eb939, org.springframework.security.web.authentication.ui.DefaultLogoutPageGeneratingFilter@4dfe56dc, org.springframework.security.web.authentication.www.BasicAuthenticationFilter@4f5d7091, org.springframework.security.web.savedrequest.RequestCacheAwareFilter@589a82af, org.springframework.security.web.servletapi.SecurityContextHolderAwareRequestFilter@5edce7da, org.springframework.security.web.authentication.AnonymousAuthenticationFilter@2a728076, org.springframework.security.web.session.SessionManagementFilter@2314f013, org.springframework.security.web.access.ExceptionTranslationFilter@74471600, org.springframework.security.web.access.intercept.FilterSecurityInterceptor@4c90fc3b]
2022-11-15 23:36:49.230  INFO 11148 --- [    Test worker] o.s.s.web.DefaultSecurityFilterChain     : Will secure any request with [org.springframework.security.web.session.DisableEncodeUrlFilter@d60aa4, org.springframework.security.web.context.request.async.WebAsyncManagerIntegrationFilter@30942f54, org.springframework.security.web.context.SecurityContextPersistenceFilter@14af9f51, org.springframework.security.web.header.HeaderWriterFilter@1eaf4e77, org.springframework.security.web.csrf.CsrfFilter@7a79a5d6, org.springframework.security.web.authentication.logout.LogoutFilter@23ee31b8, org.springframework.security.web.authentication.UsernamePasswordAuthenticationFilter@3ed3e66d, org.springframework.security.web.authentication.ui.DefaultLoginPageGeneratingFilter@121b7a95, org.springframework.security.web.authentication.ui.DefaultLogoutPageGeneratingFilter@11d557a5, org.springframework.security.web.authentication.www.BasicAuthenticationFilter@e9947af, org.springframework.security.web.savedrequest.RequestCacheAwareFilter@2bfe4df9, org.springframework.security.web.servletapi.SecurityContextHolderAwareRequestFilter@4f466207, org.springframework.security.web.authentication.AnonymousAuthenticationFilter@55b5ce0f, org.springframework.security.web.session.SessionManagementFilter@23cfc9eb, org.springframework.security.web.access.ExceptionTranslationFilter@4a5eb613, org.springframework.security.web.access.intercept.FilterSecurityInterceptor@490f2fad]
2022-11-15 23:36:49.234  INFO 11148 --- [    Test worker] o.s.s.web.DefaultSecurityFilterChain     : Will secure Ant [pattern='/api/users/**'] with [org.springframework.security.web.session.DisableEncodeUrlFilter@2e1003d9, org.springframework.security.web.context.request.async.WebAsyncManagerIntegrationFilter@4e9d1119, org.springframework.security.web.context.SecurityContextPersistenceFilter@569b3009, org.springframework.security.web.header.HeaderWriterFilter@4615bc00, org.springframework.security.web.csrf.CsrfFilter@45e49d3d, org.springframework.security.web.authentication.logout.LogoutFilter@6e140753, org.springframework.security.web.authentication.UsernamePasswordAuthenticationFilter@19240b9, org.springframework.security.web.authentication.ui.DefaultLoginPageGeneratingFilter@45c10678, org.springframework.security.web.authentication.ui.DefaultLogoutPageGeneratingFilter@5d1907fb, org.springframework.security.web.authentication.www.BasicAuthenticationFilter@5471342, org.springframework.security.web.savedrequest.RequestCacheAwareFilter@23d0f6be, org.springframework.security.web.servletapi.SecurityContextHolderAwareRequestFilter@48cebb78, org.springframework.security.web.authentication.AnonymousAuthenticationFilter@6079d219, org.springframework.security.web.session.SessionManagementFilter@37f75ebf, org.springframework.security.web.access.ExceptionTranslationFilter@72e5206, org.springframework.security.web.access.intercept.FilterSecurityInterceptor@313a3af8]
2022-11-15 23:36:49.510  INFO 11148 --- [    Test worker] o.s.b.a.w.s.WelcomePageHandlerMapping    : Adding welcome page: class path resource [static/index.html]
2022-11-15 23:36:50.007  INFO 11148 --- [    Test worker] c.e.s.faircop.FaircopApplicationTests    : Started FaircopApplicationTests in 4.194 seconds (JVM running for 5.079)
Hello, Spring!
]]></system-out>
  <system-err><![CDATA[]]></system-err>
</testsuite>
