<?xml version="1.0" encoding="UTF-8"?>
<testsuite name="com.emse.spring.faircop.api.BuildingControllerTest" tests="2" skipped="0" failures="0" errors="0" timestamp="2022-11-15T18:26:53" hostname="MacBook-Pro-de-Ana.local" time="0.132">
  <properties/>
  <testcase name="shouldLoadBuildings()" classname="com.emse.spring.faircop.api.BuildingControllerTest" time="0.119"/>
  <testcase name="shouldDeleteBuilding()" classname="com.emse.spring.faircop.api.BuildingControllerTest" time="0.011"/>
  <system-out><![CDATA[2022-11-15 19:26:52.476  INFO 9020 --- [    Test worker] .b.t.a.w.s.WebMvcTestContextBootstrapper : Neither @ContextConfiguration nor @ContextHierarchy found for test class [com.emse.spring.faircop.api.BuildingControllerTest], using SpringBootContextLoader
2022-11-15 19:26:52.477  INFO 9020 --- [    Test worker] o.s.t.c.support.AbstractContextLoader    : Could not detect default resource locations for test class [com.emse.spring.faircop.api.BuildingControllerTest]: no resource found for suffixes {-context.xml, Context.groovy}.
2022-11-15 19:26:52.477  INFO 9020 --- [    Test worker] t.c.s.AnnotationConfigContextLoaderUtils : Could not detect default configuration classes for test class [com.emse.spring.faircop.api.BuildingControllerTest]: BuildingControllerTest does not declare any static, non-private, non-final, nested classes annotated with @Configuration.
2022-11-15 19:26:52.493  INFO 9020 --- [    Test worker] .b.t.c.SpringBootTestContextBootstrapper : Found @SpringBootConfiguration com.emse.spring.faircop.FaircopApplication for test class com.emse.spring.faircop.api.BuildingControllerTest
2022-11-15 19:26:52.493  INFO 9020 --- [    Test worker] .b.t.a.w.s.WebMvcTestContextBootstrapper : Loaded default TestExecutionListener class names from location [META-INF/spring.factories]: [org.springframework.security.test.context.support.WithSecurityContextTestExecutionListener, org.springframework.security.test.context.support.ReactorContextTestExecutionListener, org.springframework.boot.test.autoconfigure.restdocs.RestDocsTestExecutionListener, org.springframework.boot.test.autoconfigure.web.client.MockRestServiceServerResetTestExecutionListener, org.springframework.boot.test.autoconfigure.web.servlet.MockMvcPrintOnlyOnFailureTestExecutionListener, org.springframework.boot.test.autoconfigure.web.servlet.WebDriverTestExecutionListener, org.springframework.boot.test.autoconfigure.webservices.client.MockWebServiceServerTestExecutionListener, org.springframework.boot.test.mock.mockito.MockitoTestExecutionListener, org.springframework.boot.test.mock.mockito.ResetMocksTestExecutionListener, org.springframework.test.context.web.ServletTestExecutionListener, org.springframework.test.context.support.DirtiesContextBeforeModesTestExecutionListener, org.springframework.test.context.event.ApplicationEventsTestExecutionListener, org.springframework.test.context.support.DependencyInjectionTestExecutionListener, org.springframework.test.context.support.DirtiesContextTestExecutionListener, org.springframework.test.context.transaction.TransactionalTestExecutionListener, org.springframework.test.context.jdbc.SqlScriptsTestExecutionListener, org.springframework.test.context.event.EventPublishingTestExecutionListener]
2022-11-15 19:26:52.494  INFO 9020 --- [    Test worker] .b.t.a.w.s.WebMvcTestContextBootstrapper : Using TestExecutionListeners: [org.springframework.test.context.web.ServletTestExecutionListener@4a592d22, org.springframework.test.context.support.DirtiesContextBeforeModesTestExecutionListener@20072ff1, org.springframework.test.context.event.ApplicationEventsTestExecutionListener@6e48b9ed, org.springframework.boot.test.mock.mockito.MockitoTestExecutionListener@38ed9fb2, org.springframework.boot.test.autoconfigure.SpringBootDependencyInjectionTestExecutionListener@3bde85b0, org.springframework.test.context.support.DirtiesContextTestExecutionListener@22bf4d9d, org.springframework.test.context.transaction.TransactionalTestExecutionListener@9930ff6, org.springframework.test.context.jdbc.SqlScriptsTestExecutionListener@5d571179, org.springframework.security.test.context.support.WithSecurityContextTestExecutionListener@12ebfc66, org.springframework.test.context.event.EventPublishingTestExecutionListener@4a609803, org.springframework.security.test.context.support.ReactorContextTestExecutionListener@5b1dd206, org.springframework.boot.test.autoconfigure.restdocs.RestDocsTestExecutionListener@3ea4dcc5, org.springframework.boot.test.autoconfigure.web.client.MockRestServiceServerResetTestExecutionListener@73611fbb, org.springframework.boot.test.autoconfigure.web.servlet.MockMvcPrintOnlyOnFailureTestExecutionListener@3d0f2154, org.springframework.boot.test.autoconfigure.web.servlet.WebDriverTestExecutionListener@8374911, org.springframework.boot.test.autoconfigure.webservices.client.MockWebServiceServerTestExecutionListener@106dee26, org.springframework.boot.test.mock.mockito.ResetMocksTestExecutionListener@6b0aa757]

  .   ____          _            __ _ _
 /\\ / ___'_ __ _ _(_)_ __  __ _ \ \ \ \
( ( )\___ | '_ | '_| | '_ \/ _` | \ \ \ \
 \\/  ___)| |_)| | | | | || (_| |  ) ) ) )
  '  |____| .__|_| |_|_| |_\__, | / / / /
 =========|_|==============|___/=/_/_/_/
 :: Spring Boot ::                (v2.7.5)

2022-11-15 19:26:52.511  INFO 9020 --- [    Test worker] c.e.s.f.api.BuildingControllerTest       : Starting BuildingControllerTest using Java 17.0.4.1 on MacBook-Pro-de-Ana.local with PID 9020 (started by caca in /Users/caca/Desktop/França/Web_Programming_BackEnd/faircop)
2022-11-15 19:26:52.511  INFO 9020 --- [    Test worker] c.e.s.f.api.BuildingControllerTest       : No active profile set, falling back to 1 default profile: "default"
2022-11-15 19:26:52.860  INFO 9020 --- [    Test worker] o.s.b.a.w.s.WelcomePageHandlerMapping    : Adding welcome page: class path resource [static/index.html]
2022-11-15 19:26:53.004  INFO 9020 --- [    Test worker] o.s.s.web.DefaultSecurityFilterChain     : Will secure any request with [org.springframework.security.web.session.DisableEncodeUrlFilter@2c2f4769, org.springframework.security.web.context.request.async.WebAsyncManagerIntegrationFilter@62e7e3df, org.springframework.security.web.context.SecurityContextPersistenceFilter@6d1a4522, org.springframework.security.web.header.HeaderWriterFilter@72cb5d7d, org.springframework.security.web.csrf.CsrfFilter@4b87ea3c, org.springframework.security.web.authentication.logout.LogoutFilter@6717f504, org.springframework.security.web.authentication.UsernamePasswordAuthenticationFilter@3b0b20a8, org.springframework.security.web.authentication.ui.DefaultLoginPageGeneratingFilter@6d89c923, org.springframework.security.web.authentication.ui.DefaultLogoutPageGeneratingFilter@8b814b, org.springframework.security.web.authentication.www.BasicAuthenticationFilter@1d7135c, org.springframework.security.web.savedrequest.RequestCacheAwareFilter@1835b24b, org.springframework.security.web.servletapi.SecurityContextHolderAwareRequestFilter@303d2485, org.springframework.security.web.authentication.AnonymousAuthenticationFilter@397f3ff5, org.springframework.security.web.session.SessionManagementFilter@19b89a23, org.springframework.security.web.access.ExceptionTranslationFilter@3ad9f06a, org.springframework.security.web.access.intercept.FilterSecurityInterceptor@3abe8714]
2022-11-15 19:26:53.039  INFO 9020 --- [    Test worker] o.s.b.t.m.w.SpringBootMockServletContext : Initializing Spring TestDispatcherServlet ''
2022-11-15 19:26:53.039  INFO 9020 --- [    Test worker] o.s.t.web.servlet.TestDispatcherServlet  : Initializing Servlet ''
2022-11-15 19:26:53.040  INFO 9020 --- [    Test worker] o.s.t.web.servlet.TestDispatcherServlet  : Completed initialization in 1 ms
2022-11-15 19:26:53.050  INFO 9020 --- [    Test worker] c.e.s.f.api.BuildingControllerTest       : Started BuildingControllerTest in 0.553 seconds (JVM running for 6.614)
]]></system-out>
  <system-err><![CDATA[]]></system-err>
</testsuite>
