<?xml version="1.0" encoding="UTF-8"?>
<testsuite name="com.emse.spring.faircop.dao.HeaterDaoTest" tests="1" skipped="0" failures="0" errors="0" timestamp="2022-11-15T16:43:48" hostname="MacBook-Pro-de-Ana.local" time="0.05">
  <properties/>
  <testcase name="shouldFindAHeater()" classname="com.emse.spring.faircop.dao.HeaterDaoTest" time="0.05"/>
  <system-out><![CDATA[2022-11-15 17:43:48.370  INFO 4343 --- [    Test worker] b.t.a.o.j.DataJpaTestContextBootstrapper : Neither @ContextConfiguration nor @ContextHierarchy found for test class [com.emse.spring.faircop.dao.HeaterDaoTest], using SpringBootContextLoader
2022-11-15 17:43:48.371  INFO 4343 --- [    Test worker] o.s.t.c.support.AbstractContextLoader    : Could not detect default resource locations for test class [com.emse.spring.faircop.dao.HeaterDaoTest]: no resource found for suffixes {-context.xml, Context.groovy}.
2022-11-15 17:43:48.371  INFO 4343 --- [    Test worker] t.c.s.AnnotationConfigContextLoaderUtils : Could not detect default configuration classes for test class [com.emse.spring.faircop.dao.HeaterDaoTest]: HeaterDaoTest does not declare any static, non-private, non-final, nested classes annotated with @Configuration.
2022-11-15 17:43:48.382  INFO 4343 --- [    Test worker] .b.t.c.SpringBootTestContextBootstrapper : Found @SpringBootConfiguration com.emse.spring.faircop.FaircopApplication for test class com.emse.spring.faircop.dao.HeaterDaoTest
2022-11-15 17:43:48.382  INFO 4343 --- [    Test worker] b.t.a.o.j.DataJpaTestContextBootstrapper : Loaded default TestExecutionListener class names from location [META-INF/spring.factories]: [org.springframework.security.test.context.support.WithSecurityContextTestExecutionListener, org.springframework.security.test.context.support.ReactorContextTestExecutionListener, org.springframework.boot.test.autoconfigure.restdocs.RestDocsTestExecutionListener, org.springframework.boot.test.autoconfigure.web.client.MockRestServiceServerResetTestExecutionListener, org.springframework.boot.test.autoconfigure.web.servlet.MockMvcPrintOnlyOnFailureTestExecutionListener, org.springframework.boot.test.autoconfigure.web.servlet.WebDriverTestExecutionListener, org.springframework.boot.test.autoconfigure.webservices.client.MockWebServiceServerTestExecutionListener, org.springframework.boot.test.mock.mockito.MockitoTestExecutionListener, org.springframework.boot.test.mock.mockito.ResetMocksTestExecutionListener, org.springframework.test.context.web.ServletTestExecutionListener, org.springframework.test.context.support.DirtiesContextBeforeModesTestExecutionListener, org.springframework.test.context.event.ApplicationEventsTestExecutionListener, org.springframework.test.context.support.DependencyInjectionTestExecutionListener, org.springframework.test.context.support.DirtiesContextTestExecutionListener, org.springframework.test.context.transaction.TransactionalTestExecutionListener, org.springframework.test.context.jdbc.SqlScriptsTestExecutionListener, org.springframework.test.context.event.EventPublishingTestExecutionListener]
2022-11-15 17:43:48.383  INFO 4343 --- [    Test worker] b.t.a.o.j.DataJpaTestContextBootstrapper : Using TestExecutionListeners: [org.springframework.test.context.web.ServletTestExecutionListener@7252e3ec, org.springframework.test.context.support.DirtiesContextBeforeModesTestExecutionListener@b69be74, org.springframework.test.context.event.ApplicationEventsTestExecutionListener@5cdd90c4, org.springframework.boot.test.mock.mockito.MockitoTestExecutionListener@47fde444, org.springframework.boot.test.autoconfigure.SpringBootDependencyInjectionTestExecutionListener@22d522d4, org.springframework.test.context.support.DirtiesContextTestExecutionListener@6409a2e4, org.springframework.test.context.transaction.TransactionalTestExecutionListener@54e24511, org.springframework.test.context.jdbc.SqlScriptsTestExecutionListener@7c95440d, org.springframework.security.test.context.support.WithSecurityContextTestExecutionListener@77dd0ac9, org.springframework.test.context.event.EventPublishingTestExecutionListener@5eea8854, org.springframework.security.test.context.support.ReactorContextTestExecutionListener@18e69455, org.springframework.boot.test.autoconfigure.restdocs.RestDocsTestExecutionListener@4e850e68, org.springframework.boot.test.autoconfigure.web.client.MockRestServiceServerResetTestExecutionListener@5111de33, org.springframework.boot.test.autoconfigure.web.servlet.MockMvcPrintOnlyOnFailureTestExecutionListener@5b33446d, org.springframework.boot.test.autoconfigure.web.servlet.WebDriverTestExecutionListener@775b3762, org.springframework.boot.test.autoconfigure.webservices.client.MockWebServiceServerTestExecutionListener@114b81af, org.springframework.boot.test.mock.mockito.ResetMocksTestExecutionListener@4ef435f3]

  .   ____          _            __ _ _
 /\\ / ___'_ __ _ _(_)_ __  __ _ \ \ \ \
( ( )\___ | '_ | '_| | '_ \/ _` | \ \ \ \
 \\/  ___)| |_)| | | | | || (_| |  ) ) ) )
  '  |____| .__|_| |_|_| |_\__, | / / / /
 =========|_|==============|___/=/_/_/_/
 :: Spring Boot ::                (v2.7.5)

2022-11-15 17:43:48.400  INFO 4343 --- [    Test worker] c.emse.spring.faircop.dao.HeaterDaoTest  : Starting HeaterDaoTest using Java 17.0.4.1 on MacBook-Pro-de-Ana.local with PID 4343 (started by caca in /Users/caca/Desktop/França/Web_Programming_BackEnd/faircop)
2022-11-15 17:43:48.400  INFO 4343 --- [    Test worker] c.emse.spring.faircop.dao.HeaterDaoTest  : No active profile set, falling back to 1 default profile: "default"
2022-11-15 17:43:48.459  INFO 4343 --- [    Test worker] .s.d.r.c.RepositoryConfigurationDelegate : Bootstrapping Spring Data JPA repositories in DEFAULT mode.
2022-11-15 17:43:48.472  INFO 4343 --- [    Test worker] .s.d.r.c.RepositoryConfigurationDelegate : Finished Spring Data repository scanning in 12 ms. Found 4 JPA repository interfaces.
2022-11-15 17:43:48.480  INFO 4343 --- [    Test worker] beddedDataSourceBeanFactoryPostProcessor : Replacing 'dataSource' DataSource bean with embedded version
2022-11-15 17:43:48.496  INFO 4343 --- [    Test worker] o.s.j.d.e.EmbeddedDatabaseFactory        : Starting embedded database: url='jdbc:h2:mem:064e9459-6ac4-4d8f-a888-f149f7fbb4f5;DB_CLOSE_DELAY=-1;DB_CLOSE_ON_EXIT=false', username='sa'
2022-11-15 17:43:48.525  INFO 4343 --- [    Test worker] o.hibernate.jpa.internal.util.LogHelper  : HHH000204: Processing PersistenceUnitInfo [name: default]
2022-11-15 17:43:48.528  INFO 4343 --- [    Test worker] org.hibernate.dialect.Dialect            : HHH000400: Using dialect: org.hibernate.dialect.H2Dialect
Hibernate: drop table if exists building CASCADE 
Hibernate: drop table if exists heater CASCADE 
Hibernate: drop table if exists room CASCADE 
Hibernate: drop table if exists rwindow CASCADE 
Hibernate: drop sequence if exists hibernate_sequence
Hibernate: create sequence hibernate_sequence start with 1 increment by 1
Hibernate: create table building (id bigint not null, name varchar(255) not null, primary key (id))
Hibernate: create table heater (id bigint not null, heater_status varchar(255) not null, name varchar(255) not null, power bigint, room_id bigint not null, primary key (id))
Hibernate: create table room (id bigint not null, current_temperature double, floor integer not null, name varchar(255) not null, target_temperature double, building_id bigint, primary key (id))
Hibernate: create table rwindow (id bigint not null, name varchar(255) not null, window_status varchar(255) not null, room_id bigint not null, primary key (id))
Hibernate: alter table heater add constraint FKba10hbsubifukw0monybjx3a0 foreign key (room_id) references room
Hibernate: alter table room add constraint FK4kmfw73x2vpfymk0ml875rh2q foreign key (building_id) references building on delete cascade
Hibernate: alter table rwindow add constraint FK621arbu4dtuis4nf2o3xtapfn foreign key (room_id) references room
2022-11-15 17:43:48.570  INFO 4343 --- [    Test worker] o.h.e.t.j.p.i.JtaPlatformInitiator       : HHH000490: Using JtaPlatform implementation: [org.hibernate.engine.transaction.jta.platform.internal.NoJtaPlatform]
2022-11-15 17:43:48.570  INFO 4343 --- [    Test worker] j.LocalContainerEntityManagerFactoryBean : Initialized JPA EntityManagerFactory for persistence unit 'default'
2022-11-15 17:43:48.676  INFO 4343 --- [    Test worker] c.emse.spring.faircop.dao.HeaterDaoTest  : Started HeaterDaoTest in 0.291 seconds (JVM running for 7.791)
2022-11-15 17:43:48.682  INFO 4343 --- [    Test worker] o.s.t.c.transaction.TransactionContext   : Began transaction (1) for test context [DefaultTestContext@1b5593e6 testClass = HeaterDaoTest, testInstance = com.emse.spring.faircop.dao.HeaterDaoTest@3c75fb73, testMethod = shouldFindAHeater@HeaterDaoTest, testException = [null], mergedContextConfiguration = [MergedContextConfiguration@7ac47e87 testClass = HeaterDaoTest, locations = '{}', classes = '{class com.emse.spring.faircop.FaircopApplication}', contextInitializerClasses = '[]', activeProfiles = '{}', propertySourceLocations = '{}', propertySourceProperties = '{org.springframework.boot.test.autoconfigure.orm.jpa.DataJpaTestContextBootstrapper=true}', contextCustomizers = set[org.springframework.boot.test.autoconfigure.OverrideAutoConfigurationContextCustomizerFactory$DisableAutoConfigurationContextCustomizer@31419d4a, org.springframework.boot.test.autoconfigure.actuate.metrics.MetricsExportContextCustomizerFactory$DisableMetricExportContextCustomizer@4ce1d6d0, org.springframework.boot.test.autoconfigure.filter.TypeExcludeFiltersContextCustomizer@351584c0, org.springframework.boot.test.autoconfigure.properties.PropertyMappingContextCustomizer@d453835f, org.springframework.boot.test.autoconfigure.web.servlet.WebDriverContextCustomizerFactory$Customizer@7776ab, [ImportsContextCustomizer@6e0a9752 key = [org.springframework.boot.autoconfigure.cache.CacheAutoConfiguration, org.springframework.boot.autoconfigure.data.jpa.JpaRepositoriesAutoConfiguration, org.springframework.boot.autoconfigure.flyway.FlywayAutoConfiguration, org.springframework.boot.autoconfigure.jdbc.DataSourceAutoConfiguration, org.springframework.boot.autoconfigure.jdbc.DataSourceTransactionManagerAutoConfiguration, org.springframework.boot.autoconfigure.jdbc.JdbcTemplateAutoConfiguration, org.springframework.boot.autoconfigure.liquibase.LiquibaseAutoConfiguration, org.springframework.boot.autoconfigure.orm.jpa.HibernateJpaAutoConfiguration, org.springframework.boot.autoconfigure.sql.init.SqlInitializationAutoConfiguration, org.springframework.boot.autoconfigure.transaction.TransactionAutoConfiguration, org.springframework.boot.test.autoconfigure.jdbc.TestDatabaseAutoConfiguration, org.springframework.boot.test.autoconfigure.orm.jpa.TestEntityManagerAutoConfiguration]], org.springframework.boot.test.context.filter.ExcludeFilterContextCustomizer@797cf65c, org.springframework.boot.test.json.DuplicateJsonObjectContextCustomizerFactory$DuplicateJsonObjectContextCustomizer@7862f56, org.springframework.boot.test.mock.mockito.MockitoContextCustomizer@0, org.springframework.boot.test.context.SpringBootTestArgs@1, org.springframework.boot.test.context.SpringBootTestWebEnvironment@0], contextLoader = 'org.springframework.boot.test.context.SpringBootContextLoader', parent = [null]], attributes = map['org.springframework.test.context.event.ApplicationEventsTestExecutionListener.recordApplicationEvents' -> false]]; transaction manager [org.springframework.orm.jpa.JpaTransactionManager@206421da]; rollback [true]
Hibernate: select heater0_.id as id1_1_0_, heater0_.heater_status as heater_s2_1_0_, heater0_.name as name3_1_0_, heater0_.power as power4_1_0_, heater0_.room_id as room_id5_1_0_, room1_.id as id1_2_1_, room1_.building_id as building6_2_1_, room1_.current_temperature as current_2_2_1_, room1_.floor as floor3_2_1_, room1_.name as name4_2_1_, room1_.target_temperature as target_t5_2_1_, building2_.id as id1_0_2_, building2_.name as name2_0_2_ from heater heater0_ inner join room room1_ on heater0_.room_id=room1_.id left outer join building building2_ on room1_.building_id=building2_.id where heater0_.id=?
2022-11-15 17:43:48.727  INFO 4343 --- [    Test worker] o.s.t.c.transaction.TransactionContext   : Rolled back transaction for test: [DefaultTestContext@1b5593e6 testClass = HeaterDaoTest, testInstance = com.emse.spring.faircop.dao.HeaterDaoTest@3c75fb73, testMethod = shouldFindAHeater@HeaterDaoTest, testException = [null], mergedContextConfiguration = [MergedContextConfiguration@7ac47e87 testClass = HeaterDaoTest, locations = '{}', classes = '{class com.emse.spring.faircop.FaircopApplication}', contextInitializerClasses = '[]', activeProfiles = '{}', propertySourceLocations = '{}', propertySourceProperties = '{org.springframework.boot.test.autoconfigure.orm.jpa.DataJpaTestContextBootstrapper=true}', contextCustomizers = set[org.springframework.boot.test.autoconfigure.OverrideAutoConfigurationContextCustomizerFactory$DisableAutoConfigurationContextCustomizer@31419d4a, org.springframework.boot.test.autoconfigure.actuate.metrics.MetricsExportContextCustomizerFactory$DisableMetricExportContextCustomizer@4ce1d6d0, org.springframework.boot.test.autoconfigure.filter.TypeExcludeFiltersContextCustomizer@351584c0, org.springframework.boot.test.autoconfigure.properties.PropertyMappingContextCustomizer@d453835f, org.springframework.boot.test.autoconfigure.web.servlet.WebDriverContextCustomizerFactory$Customizer@7776ab, [ImportsContextCustomizer@6e0a9752 key = [org.springframework.boot.autoconfigure.cache.CacheAutoConfiguration, org.springframework.boot.autoconfigure.data.jpa.JpaRepositoriesAutoConfiguration, org.springframework.boot.autoconfigure.flyway.FlywayAutoConfiguration, org.springframework.boot.autoconfigure.jdbc.DataSourceAutoConfiguration, org.springframework.boot.autoconfigure.jdbc.DataSourceTransactionManagerAutoConfiguration, org.springframework.boot.autoconfigure.jdbc.JdbcTemplateAutoConfiguration, org.springframework.boot.autoconfigure.liquibase.LiquibaseAutoConfiguration, org.springframework.boot.autoconfigure.orm.jpa.HibernateJpaAutoConfiguration, org.springframework.boot.autoconfigure.sql.init.SqlInitializationAutoConfiguration, org.springframework.boot.autoconfigure.transaction.TransactionAutoConfiguration, org.springframework.boot.test.autoconfigure.jdbc.TestDatabaseAutoConfiguration, org.springframework.boot.test.autoconfigure.orm.jpa.TestEntityManagerAutoConfiguration]], org.springframework.boot.test.context.filter.ExcludeFilterContextCustomizer@797cf65c, org.springframework.boot.test.json.DuplicateJsonObjectContextCustomizerFactory$DuplicateJsonObjectContextCustomizer@7862f56, org.springframework.boot.test.mock.mockito.MockitoContextCustomizer@0, org.springframework.boot.test.context.SpringBootTestArgs@1, org.springframework.boot.test.context.SpringBootTestWebEnvironment@0], contextLoader = 'org.springframework.boot.test.context.SpringBootContextLoader', parent = [null]], attributes = map['org.springframework.test.context.event.ApplicationEventsTestExecutionListener.recordApplicationEvents' -> false]]
]]></system-out>
  <system-err><![CDATA[]]></system-err>
</testsuite>
