<?xml version="1.0" encoding="UTF-8"?>
<testsuite name="com.emse.spring.faircop.api.SecurityControllerTest" tests="2" skipped="0" failures="0" errors="0" timestamp="2022-11-15T16:43:48" hostname="MacBook-Pro-de-Ana.local" time="0.196">
  <properties/>
  <testcase name="shouldSwitchWindow()" classname="com.emse.spring.faircop.api.SecurityControllerTest" time="0.187"/>
  <testcase name="shouldLoadAWindowAndReturnNullIfNotFound()" classname="com.emse.spring.faircop.api.SecurityControllerTest" time="0.008"/>
  <system-out><![CDATA[2022-11-15 17:43:46.408  INFO 4343 --- [    Test worker] .b.t.c.SpringBootTestContextBootstrapper : Neither @ContextConfiguration nor @ContextHierarchy found for test class [com.emse.spring.faircop.api.SecurityControllerTest], using SpringBootContextLoader
2022-11-15 17:43:46.408  INFO 4343 --- [    Test worker] o.s.t.c.support.AbstractContextLoader    : Could not detect default resource locations for test class [com.emse.spring.faircop.api.SecurityControllerTest]: no resource found for suffixes {-context.xml, Context.groovy}.
2022-11-15 17:43:46.408  INFO 4343 --- [    Test worker] t.c.s.AnnotationConfigContextLoaderUtils : Could not detect default configuration classes for test class [com.emse.spring.faircop.api.SecurityControllerTest]: SecurityControllerTest does not declare any static, non-private, non-final, nested classes annotated with @Configuration.
2022-11-15 17:43:46.418  INFO 4343 --- [    Test worker] .b.t.c.SpringBootTestContextBootstrapper : Found @SpringBootConfiguration com.emse.spring.faircop.FaircopApplication for test class com.emse.spring.faircop.api.SecurityControllerTest
2022-11-15 17:43:46.419  INFO 4343 --- [    Test worker] .b.t.c.SpringBootTestContextBootstrapper : Loaded default TestExecutionListener class names from location [META-INF/spring.factories]: [org.springframework.security.test.context.support.WithSecurityContextTestExecutionListener, org.springframework.security.test.context.support.ReactorContextTestExecutionListener, org.springframework.boot.test.autoconfigure.restdocs.RestDocsTestExecutionListener, org.springframework.boot.test.autoconfigure.web.client.MockRestServiceServerResetTestExecutionListener, org.springframework.boot.test.autoconfigure.web.servlet.MockMvcPrintOnlyOnFailureTestExecutionListener, org.springframework.boot.test.autoconfigure.web.servlet.WebDriverTestExecutionListener, org.springframework.boot.test.autoconfigure.webservices.client.MockWebServiceServerTestExecutionListener, org.springframework.boot.test.mock.mockito.MockitoTestExecutionListener, org.springframework.boot.test.mock.mockito.ResetMocksTestExecutionListener, org.springframework.test.context.web.ServletTestExecutionListener, org.springframework.test.context.support.DirtiesContextBeforeModesTestExecutionListener, org.springframework.test.context.event.ApplicationEventsTestExecutionListener, org.springframework.test.context.support.DependencyInjectionTestExecutionListener, org.springframework.test.context.support.DirtiesContextTestExecutionListener, org.springframework.test.context.transaction.TransactionalTestExecutionListener, org.springframework.test.context.jdbc.SqlScriptsTestExecutionListener, org.springframework.test.context.event.EventPublishingTestExecutionListener]
2022-11-15 17:43:46.420  INFO 4343 --- [    Test worker] .b.t.c.SpringBootTestContextBootstrapper : Using TestExecutionListeners: [org.springframework.test.context.web.ServletTestExecutionListener@310db5c4, org.springframework.test.context.support.DirtiesContextBeforeModesTestExecutionListener@7280785f, org.springframework.test.context.event.ApplicationEventsTestExecutionListener@589dd717, org.springframework.boot.test.mock.mockito.MockitoTestExecutionListener@4eba6e1f, org.springframework.boot.test.autoconfigure.SpringBootDependencyInjectionTestExecutionListener@12c55199, org.springframework.test.context.support.DirtiesContextTestExecutionListener@63f6811e, org.springframework.test.context.transaction.TransactionalTestExecutionListener@5565d718, org.springframework.test.context.jdbc.SqlScriptsTestExecutionListener@4832813d, org.springframework.security.test.context.support.WithSecurityContextTestExecutionListener@70c3483b, org.springframework.test.context.event.EventPublishingTestExecutionListener@276ac94c, org.springframework.security.test.context.support.ReactorContextTestExecutionListener@5ccc07ae, org.springframework.boot.test.autoconfigure.restdocs.RestDocsTestExecutionListener@ab5e63, org.springframework.boot.test.autoconfigure.web.client.MockRestServiceServerResetTestExecutionListener@6a434cdd, org.springframework.boot.test.autoconfigure.web.servlet.MockMvcPrintOnlyOnFailureTestExecutionListener@1b12c870, org.springframework.boot.test.autoconfigure.web.servlet.WebDriverTestExecutionListener@27df4dcb, org.springframework.boot.test.autoconfigure.webservices.client.MockWebServiceServerTestExecutionListener@7ddd5715, org.springframework.boot.test.mock.mockito.ResetMocksTestExecutionListener@d88d9d7]

  .   ____          _            __ _ _
 /\\ / ___'_ __ _ _(_)_ __  __ _ \ \ \ \
( ( )\___ | '_ | '_| | '_ \/ _` | \ \ \ \
 \\/  ___)| |_)| | | | | || (_| |  ) ) ) )
  '  |____| .__|_| |_|_| |_\__, | / / / /
 =========|_|==============|___/=/_/_/_/
 :: Spring Boot ::                (v2.7.5)

2022-11-15 17:43:46.439  INFO 4343 --- [    Test worker] c.e.s.f.api.SecurityControllerTest       : Starting SecurityControllerTest using Java 17.0.4.1 on MacBook-Pro-de-Ana.local with PID 4343 (started by caca in /Users/caca/Desktop/França/Web_Programming_BackEnd/faircop)
2022-11-15 17:43:46.439  INFO 4343 --- [    Test worker] c.e.s.f.api.SecurityControllerTest       : No active profile set, falling back to 1 default profile: "default"
2022-11-15 17:43:46.646  INFO 4343 --- [    Test worker] .s.d.r.c.RepositoryConfigurationDelegate : Bootstrapping Spring Data JPA repositories in DEFAULT mode.
2022-11-15 17:43:46.660  INFO 4343 --- [    Test worker] .s.d.r.c.RepositoryConfigurationDelegate : Finished Spring Data repository scanning in 13 ms. Found 4 JPA repository interfaces.
2022-11-15 17:43:46.983  INFO 4343 --- [    Test worker] o.s.b.w.embedded.tomcat.TomcatWebServer  : Tomcat initialized with port(s): 0 (http)
2022-11-15 17:43:46.992  INFO 4343 --- [    Test worker] o.apache.catalina.core.StandardService   : Starting service [Tomcat]
2022-11-15 17:43:46.992  INFO 4343 --- [    Test worker] org.apache.catalina.core.StandardEngine  : Starting Servlet engine: [Apache Tomcat/9.0.68]
2022-11-15 17:43:47.089  INFO 4343 --- [    Test worker] o.a.c.c.C.[Tomcat].[localhost].[/]       : Initializing Spring embedded WebApplicationContext
2022-11-15 17:43:47.089  INFO 4343 --- [    Test worker] w.s.c.ServletWebServerApplicationContext : Root WebApplicationContext: initialization completed in 648 ms
2022-11-15 17:43:47.109  INFO 4343 --- [    Test worker] com.zaxxer.hikari.HikariDataSource       : HikariPool-2 - Starting...
2022-11-15 17:43:47.110  INFO 4343 --- [    Test worker] com.zaxxer.hikari.HikariDataSource       : HikariPool-2 - Start completed.
2022-11-15 17:43:47.110  INFO 4343 --- [    Test worker] o.s.b.a.h2.H2ConsoleAutoConfiguration    : H2 console available at '/console'. Database available at 'jdbc:h2:mem:faircop'
2022-11-15 17:43:47.225  INFO 4343 --- [    Test worker] o.hibernate.jpa.internal.util.LogHelper  : HHH000204: Processing PersistenceUnitInfo [name: default]
2022-11-15 17:43:47.230  INFO 4343 --- [    Test worker] org.hibernate.dialect.Dialect            : HHH000400: Using dialect: org.hibernate.dialect.H2Dialect
Hibernate: drop table if exists building CASCADE 
Hibernate: drop table if exists heater CASCADE 
Hibernate: drop table if exists room CASCADE 
Hibernate: drop table if exists rwindow CASCADE 
Hibernate: drop sequence if exists hibernate_sequence
Hibernate: create sequence hibernate_sequence start with 1 increment by 1
Hibernate: create table building (id bigint not null, name varchar(255) not null, primary key (id))
Hibernate: create table heater (id bigint not null, heater_status varchar(255) not null, name varchar(255) not null, power bigint, room_id bigint not null, primary key (id))
Hibernate: create table room (id bigint not null, current_temperature double, floor integer not null, name varchar(255) not null, target_temperature double, building_id bigint, primary key (id))
Hibernate: create table rwindow (id bigint not null, name varchar(255) not null, window_status varchar(255) not null, room_id bigint not null, primary key (id))
Hibernate: alter table heater add constraint FKba10hbsubifukw0monybjx3a0 foreign key (room_id) references room
Hibernate: alter table room add constraint FK4kmfw73x2vpfymk0ml875rh2q foreign key (building_id) references building on delete cascade
Hibernate: alter table rwindow add constraint FK621arbu4dtuis4nf2o3xtapfn foreign key (room_id) references room
2022-11-15 17:43:47.283  INFO 4343 --- [    Test worker] o.h.e.t.j.p.i.JtaPlatformInitiator       : HHH000490: Using JtaPlatform implementation: [org.hibernate.engine.transaction.jta.platform.internal.NoJtaPlatform]
2022-11-15 17:43:47.283  INFO 4343 --- [    Test worker] j.LocalContainerEntityManagerFactoryBean : Initialized JPA EntityManagerFactory for persistence unit 'default'
2022-11-15 17:43:47.487  WARN 4343 --- [    Test worker] JpaBaseConfiguration$JpaWebConfiguration : spring.jpa.open-in-view is enabled by default. Therefore, database queries may be performed during view rendering. Explicitly configure spring.jpa.open-in-view to disable this warning
2022-11-15 17:43:47.803  INFO 4343 --- [    Test worker] o.s.s.web.DefaultSecurityFilterChain     : Will secure Ant [pattern='/api/**'] with [org.springframework.security.web.session.DisableEncodeUrlFilter@6258ea84, org.springframework.security.web.context.request.async.WebAsyncManagerIntegrationFilter@6c720765, org.springframework.security.web.context.SecurityContextPersistenceFilter@5863ef93, org.springframework.security.web.header.HeaderWriterFilter@6a636c62, org.springframework.security.web.csrf.CsrfFilter@3f2731e5, org.springframework.security.web.authentication.logout.LogoutFilter@72bb3f3e, org.springframework.security.web.authentication.UsernamePasswordAuthenticationFilter@6ddd71cc, org.springframework.security.web.authentication.ui.DefaultLoginPageGeneratingFilter@654be52b, org.springframework.security.web.authentication.ui.DefaultLogoutPageGeneratingFilter@6a275836, org.springframework.security.web.authentication.www.BasicAuthenticationFilter@b4f7e1c, org.springframework.security.web.savedrequest.RequestCacheAwareFilter@20ee12d8, org.springframework.security.web.servletapi.SecurityContextHolderAwareRequestFilter@519f6adb, org.springframework.security.web.authentication.AnonymousAuthenticationFilter@1a6864f0, org.springframework.security.web.session.SessionManagementFilter@5e4d55a6, org.springframework.security.web.access.ExceptionTranslationFilter@21eb33d4, org.springframework.security.web.access.intercept.FilterSecurityInterceptor@774f2d7f]
2022-11-15 17:43:47.806  INFO 4343 --- [    Test worker] o.s.s.web.DefaultSecurityFilterChain     : Will secure any request with [org.springframework.security.web.session.DisableEncodeUrlFilter@1bc41170, org.springframework.security.web.context.request.async.WebAsyncManagerIntegrationFilter@2d95c3ef, org.springframework.security.web.context.SecurityContextPersistenceFilter@2d5cb059, org.springframework.security.web.header.HeaderWriterFilter@33fa6a8b, org.springframework.security.web.csrf.CsrfFilter@49a6b730, org.springframework.security.web.authentication.logout.LogoutFilter@4de3a1ca, org.springframework.security.web.authentication.UsernamePasswordAuthenticationFilter@4b0a6c53, org.springframework.security.web.authentication.ui.DefaultLoginPageGeneratingFilter@6e16fcaf, org.springframework.security.web.authentication.ui.DefaultLogoutPageGeneratingFilter@35e55afa, org.springframework.security.web.authentication.www.BasicAuthenticationFilter@15beb40b, org.springframework.security.web.savedrequest.RequestCacheAwareFilter@23591a2c, org.springframework.security.web.servletapi.SecurityContextHolderAwareRequestFilter@431782fe, org.springframework.security.web.authentication.AnonymousAuthenticationFilter@559baea1, org.springframework.security.web.session.SessionManagementFilter@513f8279, org.springframework.security.web.access.ExceptionTranslationFilter@6dac64ea, org.springframework.security.web.access.intercept.FilterSecurityInterceptor@1f953e51]
2022-11-15 17:43:47.808  INFO 4343 --- [    Test worker] o.s.s.web.DefaultSecurityFilterChain     : Will secure Ant [pattern='/api/users/**'] with [org.springframework.security.web.session.DisableEncodeUrlFilter@14eaab92, org.springframework.security.web.context.request.async.WebAsyncManagerIntegrationFilter@46a6b8d6, org.springframework.security.web.context.SecurityContextPersistenceFilter@7b80be13, org.springframework.security.web.header.HeaderWriterFilter@3776c917, org.springframework.security.web.csrf.CsrfFilter@179806f3, org.springframework.security.web.authentication.logout.LogoutFilter@6619692e, org.springframework.security.web.authentication.UsernamePasswordAuthenticationFilter@48c8c722, org.springframework.security.web.authentication.ui.DefaultLoginPageGeneratingFilter@737652a9, org.springframework.security.web.authentication.ui.DefaultLogoutPageGeneratingFilter@485996f7, org.springframework.security.web.authentication.www.BasicAuthenticationFilter@12f826c, org.springframework.security.web.savedrequest.RequestCacheAwareFilter@1a8e209b, org.springframework.security.web.servletapi.SecurityContextHolderAwareRequestFilter@1b316cac, org.springframework.security.web.authentication.AnonymousAuthenticationFilter@35984172, org.springframework.security.web.session.SessionManagementFilter@2cf88ae1, org.springframework.security.web.access.ExceptionTranslationFilter@3f1bde96, org.springframework.security.web.access.intercept.FilterSecurityInterceptor@57e0bfd6]
2022-11-15 17:43:47.881  INFO 4343 --- [    Test worker] o.s.b.a.w.s.WelcomePageHandlerMapping    : Adding welcome page: class path resource [static/index.html]
2022-11-15 17:43:48.019  INFO 4343 --- [    Test worker] o.a.c.c.C.[Tomcat].[localhost].[/]       : Initializing Spring TestDispatcherServlet ''
2022-11-15 17:43:48.019  INFO 4343 --- [    Test worker] o.s.t.web.servlet.TestDispatcherServlet  : Initializing Servlet ''
2022-11-15 17:43:48.021  INFO 4343 --- [    Test worker] o.s.t.web.servlet.TestDispatcherServlet  : Completed initialization in 1 ms
2022-11-15 17:43:48.069  INFO 4343 --- [    Test worker] o.s.b.w.embedded.tomcat.TomcatWebServer  : Tomcat started on port(s): 56491 (http) with context path ''
2022-11-15 17:43:48.166  INFO 4343 --- [    Test worker] c.e.s.f.api.SecurityControllerTest       : Started SecurityControllerTest in 1.744 seconds (JVM running for 7.281)
Hello, Spring!
]]></system-out>
  <system-err><![CDATA[]]></system-err>
</testsuite>
