<?xml version="1.0" encoding="UTF-8"?>
<testsuite name="com.emse.spring.faircop.api.RoomControllerTest" tests="1" skipped="0" failures="0" errors="0" timestamp="2022-11-15T22:36:51" hostname="MacBook-Pro-de-Ana.local" time="0.01">
  <properties/>
  <testcase name="shouldLoadRooms()" classname="com.emse.spring.faircop.api.RoomControllerTest" time="0.01"/>
  <system-out><![CDATA[2022-11-15 23:36:51.253  INFO 11148 --- [    Test worker] .b.t.a.w.s.WebMvcTestContextBootstrapper : Neither @ContextConfiguration nor @ContextHierarchy found for test class [com.emse.spring.faircop.api.RoomControllerTest], using SpringBootContextLoader
2022-11-15 23:36:51.253  INFO 11148 --- [    Test worker] o.s.t.c.support.AbstractContextLoader    : Could not detect default resource locations for test class [com.emse.spring.faircop.api.RoomControllerTest]: no resource found for suffixes {-context.xml, Context.groovy}.
2022-11-15 23:36:51.253  INFO 11148 --- [    Test worker] t.c.s.AnnotationConfigContextLoaderUtils : Could not detect default configuration classes for test class [com.emse.spring.faircop.api.RoomControllerTest]: RoomControllerTest does not declare any static, non-private, non-final, nested classes annotated with @Configuration.
2022-11-15 23:36:51.256  INFO 11148 --- [    Test worker] .b.t.c.SpringBootTestContextBootstrapper : Found @SpringBootConfiguration com.emse.spring.faircop.FaircopApplication for test class com.emse.spring.faircop.api.RoomControllerTest
2022-11-15 23:36:51.256  INFO 11148 --- [    Test worker] .b.t.a.w.s.WebMvcTestContextBootstrapper : Loaded default TestExecutionListener class names from location [META-INF/spring.factories]: [org.springframework.security.test.context.support.WithSecurityContextTestExecutionListener, org.springframework.security.test.context.support.ReactorContextTestExecutionListener, org.springframework.boot.test.autoconfigure.restdocs.RestDocsTestExecutionListener, org.springframework.boot.test.autoconfigure.web.client.MockRestServiceServerResetTestExecutionListener, org.springframework.boot.test.autoconfigure.web.servlet.MockMvcPrintOnlyOnFailureTestExecutionListener, org.springframework.boot.test.autoconfigure.web.servlet.WebDriverTestExecutionListener, org.springframework.boot.test.autoconfigure.webservices.client.MockWebServiceServerTestExecutionListener, org.springframework.boot.test.mock.mockito.MockitoTestExecutionListener, org.springframework.boot.test.mock.mockito.ResetMocksTestExecutionListener, org.springframework.test.context.web.ServletTestExecutionListener, org.springframework.test.context.support.DirtiesContextBeforeModesTestExecutionListener, org.springframework.test.context.event.ApplicationEventsTestExecutionListener, org.springframework.test.context.support.DependencyInjectionTestExecutionListener, org.springframework.test.context.support.DirtiesContextTestExecutionListener, org.springframework.test.context.transaction.TransactionalTestExecutionListener, org.springframework.test.context.jdbc.SqlScriptsTestExecutionListener, org.springframework.test.context.event.EventPublishingTestExecutionListener]
2022-11-15 23:36:51.257  INFO 11148 --- [    Test worker] .b.t.a.w.s.WebMvcTestContextBootstrapper : Using TestExecutionListeners: [org.springframework.test.context.web.ServletTestExecutionListener@59929512, org.springframework.test.context.support.DirtiesContextBeforeModesTestExecutionListener@5920c4ed, org.springframework.test.context.event.ApplicationEventsTestExecutionListener@5a1c0bcc, org.springframework.boot.test.mock.mockito.MockitoTestExecutionListener@4f8eb97c, org.springframework.boot.test.autoconfigure.SpringBootDependencyInjectionTestExecutionListener@2799f9a, org.springframework.test.context.support.DirtiesContextTestExecutionListener@5da13494, org.springframework.test.context.transaction.TransactionalTestExecutionListener@67d90687, org.springframework.test.context.jdbc.SqlScriptsTestExecutionListener@5d260659, org.springframework.security.test.context.support.WithSecurityContextTestExecutionListener@136dc728, org.springframework.test.context.event.EventPublishingTestExecutionListener@47bc4445, org.springframework.security.test.context.support.ReactorContextTestExecutionListener@687e9f0b, org.springframework.boot.test.autoconfigure.restdocs.RestDocsTestExecutionListener@5074893, org.springframework.boot.test.autoconfigure.web.client.MockRestServiceServerResetTestExecutionListener@78ae9b9c, org.springframework.boot.test.autoconfigure.web.servlet.MockMvcPrintOnlyOnFailureTestExecutionListener@5d9576a0, org.springframework.boot.test.autoconfigure.web.servlet.WebDriverTestExecutionListener@418f3cde, org.springframework.boot.test.autoconfigure.webservices.client.MockWebServiceServerTestExecutionListener@7ef3b7ac, org.springframework.boot.test.mock.mockito.ResetMocksTestExecutionListener@720da195]

  .   ____          _            __ _ _
 /\\ / ___'_ __ _ _(_)_ __  __ _ \ \ \ \
( ( )\___ | '_ | '_| | '_ \/ _` | \ \ \ \
 \\/  ___)| |_)| | | | | || (_| |  ) ) ) )
  '  |____| .__|_| |_|_| |_\__, | / / / /
 =========|_|==============|___/=/_/_/_/
 :: Spring Boot ::                (v2.7.5)

2022-11-15 23:36:51.273  INFO 11148 --- [    Test worker] c.e.s.faircop.api.RoomControllerTest     : Starting RoomControllerTest using Java 17.0.4.1 on MacBook-Pro-de-Ana.local with PID 11148 (started by caca in /Users/caca/Desktop/França/Web_Programming_BackEnd/faircop)
2022-11-15 23:36:51.273  INFO 11148 --- [    Test worker] c.e.s.faircop.api.RoomControllerTest     : No active profile set, falling back to 1 default profile: "default"
2022-11-15 23:36:51.502  INFO 11148 --- [    Test worker] o.s.b.a.w.s.WelcomePageHandlerMapping    : Adding welcome page: class path resource [static/index.html]
2022-11-15 23:36:51.650  INFO 11148 --- [    Test worker] o.s.s.web.DefaultSecurityFilterChain     : Will secure any request with [org.springframework.security.web.session.DisableEncodeUrlFilter@9a88a92, org.springframework.security.web.context.request.async.WebAsyncManagerIntegrationFilter@784fb189, org.springframework.security.web.context.SecurityContextPersistenceFilter@71d94ab, org.springframework.security.web.header.HeaderWriterFilter@74a15f4, org.springframework.security.web.csrf.CsrfFilter@794ffe22, org.springframework.security.web.authentication.logout.LogoutFilter@eb9b76c, org.springframework.security.web.authentication.UsernamePasswordAuthenticationFilter@447522b4, org.springframework.security.web.authentication.ui.DefaultLoginPageGeneratingFilter@59e938a4, org.springframework.security.web.authentication.ui.DefaultLogoutPageGeneratingFilter@15c25cb6, org.springframework.security.web.authentication.www.BasicAuthenticationFilter@3569f0f1, org.springframework.security.web.savedrequest.RequestCacheAwareFilter@21f3a99c, org.springframework.security.web.servletapi.SecurityContextHolderAwareRequestFilter@76c1ede3, org.springframework.security.web.authentication.AnonymousAuthenticationFilter@6fd6d887, org.springframework.security.web.session.SessionManagementFilter@125c443, org.springframework.security.web.access.ExceptionTranslationFilter@2da16d31, org.springframework.security.web.access.intercept.FilterSecurityInterceptor@4476ac12]
2022-11-15 23:36:51.674  INFO 11148 --- [    Test worker] o.s.b.t.m.w.SpringBootMockServletContext : Initializing Spring TestDispatcherServlet ''
2022-11-15 23:36:51.674  INFO 11148 --- [    Test worker] o.s.t.web.servlet.TestDispatcherServlet  : Initializing Servlet ''
2022-11-15 23:36:51.674  INFO 11148 --- [    Test worker] o.s.t.web.servlet.TestDispatcherServlet  : Completed initialization in 0 ms
2022-11-15 23:36:51.683  INFO 11148 --- [    Test worker] c.e.s.faircop.api.RoomControllerTest     : Started RoomControllerTest in 0.425 seconds (JVM running for 6.756)
]]></system-out>
  <system-err><![CDATA[]]></system-err>
</testsuite>
