<?xml version="1.0" encoding="UTF-8"?>
<testsuite name="com.emse.spring.faircop.api.RoomControllerTest" tests="1" skipped="0" failures="0" errors="0" timestamp="2022-11-15T18:26:53" hostname="MacBook-Pro-de-Ana.local" time="0.011">
  <properties/>
  <testcase name="shouldLoadRooms()" classname="com.emse.spring.faircop.api.RoomControllerTest" time="0.011"/>
  <system-out><![CDATA[2022-11-15 19:26:53.601  INFO 9020 --- [    Test worker] .b.t.a.w.s.WebMvcTestContextBootstrapper : Neither @ContextConfiguration nor @ContextHierarchy found for test class [com.emse.spring.faircop.api.RoomControllerTest], using SpringBootContextLoader
2022-11-15 19:26:53.601  INFO 9020 --- [    Test worker] o.s.t.c.support.AbstractContextLoader    : Could not detect default resource locations for test class [com.emse.spring.faircop.api.RoomControllerTest]: no resource found for suffixes {-context.xml, Context.groovy}.
2022-11-15 19:26:53.601  INFO 9020 --- [    Test worker] t.c.s.AnnotationConfigContextLoaderUtils : Could not detect default configuration classes for test class [com.emse.spring.faircop.api.RoomControllerTest]: RoomControllerTest does not declare any static, non-private, non-final, nested classes annotated with @Configuration.
2022-11-15 19:26:53.604  INFO 9020 --- [    Test worker] .b.t.c.SpringBootTestContextBootstrapper : Found @SpringBootConfiguration com.emse.spring.faircop.FaircopApplication for test class com.emse.spring.faircop.api.RoomControllerTest
2022-11-15 19:26:53.604  INFO 9020 --- [    Test worker] .b.t.a.w.s.WebMvcTestContextBootstrapper : Loaded default TestExecutionListener class names from location [META-INF/spring.factories]: [org.springframework.security.test.context.support.WithSecurityContextTestExecutionListener, org.springframework.security.test.context.support.ReactorContextTestExecutionListener, org.springframework.boot.test.autoconfigure.restdocs.RestDocsTestExecutionListener, org.springframework.boot.test.autoconfigure.web.client.MockRestServiceServerResetTestExecutionListener, org.springframework.boot.test.autoconfigure.web.servlet.MockMvcPrintOnlyOnFailureTestExecutionListener, org.springframework.boot.test.autoconfigure.web.servlet.WebDriverTestExecutionListener, org.springframework.boot.test.autoconfigure.webservices.client.MockWebServiceServerTestExecutionListener, org.springframework.boot.test.mock.mockito.MockitoTestExecutionListener, org.springframework.boot.test.mock.mockito.ResetMocksTestExecutionListener, org.springframework.test.context.web.ServletTestExecutionListener, org.springframework.test.context.support.DirtiesContextBeforeModesTestExecutionListener, org.springframework.test.context.event.ApplicationEventsTestExecutionListener, org.springframework.test.context.support.DependencyInjectionTestExecutionListener, org.springframework.test.context.support.DirtiesContextTestExecutionListener, org.springframework.test.context.transaction.TransactionalTestExecutionListener, org.springframework.test.context.jdbc.SqlScriptsTestExecutionListener, org.springframework.test.context.event.EventPublishingTestExecutionListener]
2022-11-15 19:26:53.604  INFO 9020 --- [    Test worker] .b.t.a.w.s.WebMvcTestContextBootstrapper : Using TestExecutionListeners: [org.springframework.test.context.web.ServletTestExecutionListener@47bc4445, org.springframework.test.context.support.DirtiesContextBeforeModesTestExecutionListener@687e9f0b, org.springframework.test.context.event.ApplicationEventsTestExecutionListener@5074893, org.springframework.boot.test.mock.mockito.MockitoTestExecutionListener@78ae9b9c, org.springframework.boot.test.autoconfigure.SpringBootDependencyInjectionTestExecutionListener@5d9576a0, org.springframework.test.context.support.DirtiesContextTestExecutionListener@418f3cde, org.springframework.test.context.transaction.TransactionalTestExecutionListener@7ef3b7ac, org.springframework.test.context.jdbc.SqlScriptsTestExecutionListener@720da195, org.springframework.security.test.context.support.WithSecurityContextTestExecutionListener@4dbf902, org.springframework.test.context.event.EventPublishingTestExecutionListener@3c0a4c8b, org.springframework.security.test.context.support.ReactorContextTestExecutionListener@5f27d271, org.springframework.boot.test.autoconfigure.restdocs.RestDocsTestExecutionListener@4039d109, org.springframework.boot.test.autoconfigure.web.client.MockRestServiceServerResetTestExecutionListener@1b7123e5, org.springframework.boot.test.autoconfigure.web.servlet.MockMvcPrintOnlyOnFailureTestExecutionListener@75715a14, org.springframework.boot.test.autoconfigure.web.servlet.WebDriverTestExecutionListener@14a4ba91, org.springframework.boot.test.autoconfigure.webservices.client.MockWebServiceServerTestExecutionListener@1a9b9095, org.springframework.boot.test.mock.mockito.ResetMocksTestExecutionListener@867e628]

  .   ____          _            __ _ _
 /\\ / ___'_ __ _ _(_)_ __  __ _ \ \ \ \
( ( )\___ | '_ | '_| | '_ \/ _` | \ \ \ \
 \\/  ___)| |_)| | | | | || (_| |  ) ) ) )
  '  |____| .__|_| |_|_| |_\__, | / / / /
 =========|_|==============|___/=/_/_/_/
 :: Spring Boot ::                (v2.7.5)

2022-11-15 19:26:53.618  INFO 9020 --- [    Test worker] c.e.s.faircop.api.RoomControllerTest     : Starting RoomControllerTest using Java 17.0.4.1 on MacBook-Pro-de-Ana.local with PID 9020 (started by caca in /Users/caca/Desktop/França/Web_Programming_BackEnd/faircop)
2022-11-15 19:26:53.618  INFO 9020 --- [    Test worker] c.e.s.faircop.api.RoomControllerTest     : No active profile set, falling back to 1 default profile: "default"
2022-11-15 19:26:53.772  INFO 9020 --- [    Test worker] o.s.b.a.w.s.WelcomePageHandlerMapping    : Adding welcome page: class path resource [static/index.html]
2022-11-15 19:26:53.908  INFO 9020 --- [    Test worker] o.s.s.web.DefaultSecurityFilterChain     : Will secure any request with [org.springframework.security.web.session.DisableEncodeUrlFilter@4dc9de0e, org.springframework.security.web.context.request.async.WebAsyncManagerIntegrationFilter@6375af2a, org.springframework.security.web.context.SecurityContextPersistenceFilter@4476ac12, org.springframework.security.web.header.HeaderWriterFilter@6752d7fc, org.springframework.security.web.csrf.CsrfFilter@eb9b76c, org.springframework.security.web.authentication.logout.LogoutFilter@15c25cb6, org.springframework.security.web.authentication.UsernamePasswordAuthenticationFilter@794a3410, org.springframework.security.web.authentication.ui.DefaultLoginPageGeneratingFilter@9a88a92, org.springframework.security.web.authentication.ui.DefaultLogoutPageGeneratingFilter@4b37ede0, org.springframework.security.web.authentication.www.BasicAuthenticationFilter@62a9c857, org.springframework.security.web.savedrequest.RequestCacheAwareFilter@447522b4, org.springframework.security.web.servletapi.SecurityContextHolderAwareRequestFilter@3569f0f1, org.springframework.security.web.authentication.AnonymousAuthenticationFilter@67f07fa1, org.springframework.security.web.session.SessionManagementFilter@7b7695f, org.springframework.security.web.access.ExceptionTranslationFilter@776eedad, org.springframework.security.web.access.intercept.FilterSecurityInterceptor@2081c267]
2022-11-15 19:26:53.934  INFO 9020 --- [    Test worker] o.s.b.t.m.w.SpringBootMockServletContext : Initializing Spring TestDispatcherServlet ''
2022-11-15 19:26:53.935  INFO 9020 --- [    Test worker] o.s.t.web.servlet.TestDispatcherServlet  : Initializing Servlet ''
2022-11-15 19:26:53.937  INFO 9020 --- [    Test worker] o.s.t.web.servlet.TestDispatcherServlet  : Completed initialization in 1 ms
2022-11-15 19:26:53.944  INFO 9020 --- [    Test worker] c.e.s.faircop.api.RoomControllerTest     : Started RoomControllerTest in 0.338 seconds (JVM running for 7.509)
]]></system-out>
  <system-err><![CDATA[]]></system-err>
</testsuite>
