<?xml version="1.0" encoding="UTF-8"?>
<testsuite name="com.emse.spring.faircop.api.HeaterControllerTest" tests="2" skipped="0" failures="0" errors="0" timestamp="2022-11-15T22:36:51" hostname="MacBook-Pro-de-Ana.local" time="0.075">
  <properties/>
  <testcase name="shouldSwitchHeater()" classname="com.emse.spring.faircop.api.HeaterControllerTest" time="0.068"/>
  <testcase name="shouldLoadHeaters()" classname="com.emse.spring.faircop.api.HeaterControllerTest" time="0.006"/>
  <system-out><![CDATA[2022-11-15 23:36:50.809  INFO 11148 --- [    Test worker] .b.t.a.w.s.WebMvcTestContextBootstrapper : Neither @ContextConfiguration nor @ContextHierarchy found for test class [com.emse.spring.faircop.api.HeaterControllerTest], using SpringBootContextLoader
2022-11-15 23:36:50.810  INFO 11148 --- [    Test worker] o.s.t.c.support.AbstractContextLoader    : Could not detect default resource locations for test class [com.emse.spring.faircop.api.HeaterControllerTest]: no resource found for suffixes {-context.xml, Context.groovy}.
2022-11-15 23:36:50.810  INFO 11148 --- [    Test worker] t.c.s.AnnotationConfigContextLoaderUtils : Could not detect default configuration classes for test class [com.emse.spring.faircop.api.HeaterControllerTest]: HeaterControllerTest does not declare any static, non-private, non-final, nested classes annotated with @Configuration.
2022-11-15 23:36:50.813  INFO 11148 --- [    Test worker] .b.t.c.SpringBootTestContextBootstrapper : Found @SpringBootConfiguration com.emse.spring.faircop.FaircopApplication for test class com.emse.spring.faircop.api.HeaterControllerTest
2022-11-15 23:36:50.814  INFO 11148 --- [    Test worker] .b.t.a.w.s.WebMvcTestContextBootstrapper : Loaded default TestExecutionListener class names from location [META-INF/spring.factories]: [org.springframework.security.test.context.support.WithSecurityContextTestExecutionListener, org.springframework.security.test.context.support.ReactorContextTestExecutionListener, org.springframework.boot.test.autoconfigure.restdocs.RestDocsTestExecutionListener, org.springframework.boot.test.autoconfigure.web.client.MockRestServiceServerResetTestExecutionListener, org.springframework.boot.test.autoconfigure.web.servlet.MockMvcPrintOnlyOnFailureTestExecutionListener, org.springframework.boot.test.autoconfigure.web.servlet.WebDriverTestExecutionListener, org.springframework.boot.test.autoconfigure.webservices.client.MockWebServiceServerTestExecutionListener, org.springframework.boot.test.mock.mockito.MockitoTestExecutionListener, org.springframework.boot.test.mock.mockito.ResetMocksTestExecutionListener, org.springframework.test.context.web.ServletTestExecutionListener, org.springframework.test.context.support.DirtiesContextBeforeModesTestExecutionListener, org.springframework.test.context.event.ApplicationEventsTestExecutionListener, org.springframework.test.context.support.DependencyInjectionTestExecutionListener, org.springframework.test.context.support.DirtiesContextTestExecutionListener, org.springframework.test.context.transaction.TransactionalTestExecutionListener, org.springframework.test.context.jdbc.SqlScriptsTestExecutionListener, org.springframework.test.context.event.EventPublishingTestExecutionListener]
2022-11-15 23:36:50.814  INFO 11148 --- [    Test worker] .b.t.a.w.s.WebMvcTestContextBootstrapper : Using TestExecutionListeners: [org.springframework.test.context.web.ServletTestExecutionListener@35852b6, org.springframework.test.context.support.DirtiesContextBeforeModesTestExecutionListener@27d6ff8c, org.springframework.test.context.event.ApplicationEventsTestExecutionListener@105c253a, org.springframework.boot.test.mock.mockito.MockitoTestExecutionListener@156322ce, org.springframework.boot.test.autoconfigure.SpringBootDependencyInjectionTestExecutionListener@546f0f36, org.springframework.test.context.support.DirtiesContextTestExecutionListener@44d5a0a8, org.springframework.test.context.transaction.TransactionalTestExecutionListener@35d128fd, org.springframework.test.context.jdbc.SqlScriptsTestExecutionListener@39a809db, org.springframework.security.test.context.support.WithSecurityContextTestExecutionListener@1512a767, org.springframework.test.context.event.EventPublishingTestExecutionListener@7c2b858d, org.springframework.security.test.context.support.ReactorContextTestExecutionListener@4001dc35, org.springframework.boot.test.autoconfigure.restdocs.RestDocsTestExecutionListener@399ef33f, org.springframework.boot.test.autoconfigure.web.client.MockRestServiceServerResetTestExecutionListener@39b752f4, org.springframework.boot.test.autoconfigure.web.servlet.MockMvcPrintOnlyOnFailureTestExecutionListener@1990afa2, org.springframework.boot.test.autoconfigure.web.servlet.WebDriverTestExecutionListener@57be28d1, org.springframework.boot.test.autoconfigure.webservices.client.MockWebServiceServerTestExecutionListener@19f72e12, org.springframework.boot.test.mock.mockito.ResetMocksTestExecutionListener@1ad4ff2a]

  .   ____          _            __ _ _
 /\\ / ___'_ __ _ _(_)_ __  __ _ \ \ \ \
( ( )\___ | '_ | '_| | '_ \/ _` | \ \ \ \
 \\/  ___)| |_)| | | | | || (_| |  ) ) ) )
  '  |____| .__|_| |_|_| |_\__, | / / / /
 =========|_|==============|___/=/_/_/_/
 :: Spring Boot ::                (v2.7.5)

2022-11-15 23:36:50.833  INFO 11148 --- [    Test worker] c.e.s.faircop.api.HeaterControllerTest   : Starting HeaterControllerTest using Java 17.0.4.1 on MacBook-Pro-de-Ana.local with PID 11148 (started by caca in /Users/caca/Desktop/França/Web_Programming_BackEnd/faircop)
2022-11-15 23:36:50.833  INFO 11148 --- [    Test worker] c.e.s.faircop.api.HeaterControllerTest   : No active profile set, falling back to 1 default profile: "default"
2022-11-15 23:36:51.012  INFO 11148 --- [    Test worker] o.s.b.a.w.s.WelcomePageHandlerMapping    : Adding welcome page: class path resource [static/index.html]
2022-11-15 23:36:51.138  INFO 11148 --- [    Test worker] o.s.s.web.DefaultSecurityFilterChain     : Will secure any request with [org.springframework.security.web.session.DisableEncodeUrlFilter@52a1d6f, org.springframework.security.web.context.request.async.WebAsyncManagerIntegrationFilter@38bb297, org.springframework.security.web.context.SecurityContextPersistenceFilter@38fc1904, org.springframework.security.web.header.HeaderWriterFilter@7fd65f9a, org.springframework.security.web.csrf.CsrfFilter@1ca574db, org.springframework.security.web.authentication.logout.LogoutFilter@72139933, org.springframework.security.web.authentication.UsernamePasswordAuthenticationFilter@1afea182, org.springframework.security.web.authentication.ui.DefaultLoginPageGeneratingFilter@717c00f9, org.springframework.security.web.authentication.ui.DefaultLogoutPageGeneratingFilter@6c96e1d5, org.springframework.security.web.authentication.www.BasicAuthenticationFilter@4bcff08c, org.springframework.security.web.savedrequest.RequestCacheAwareFilter@7625bfbd, org.springframework.security.web.servletapi.SecurityContextHolderAwareRequestFilter@3bc2146c, org.springframework.security.web.authentication.AnonymousAuthenticationFilter@58e9375b, org.springframework.security.web.session.SessionManagementFilter@f48a79a, org.springframework.security.web.access.ExceptionTranslationFilter@5323b690, org.springframework.security.web.access.intercept.FilterSecurityInterceptor@f2120d5]
2022-11-15 23:36:51.163  INFO 11148 --- [    Test worker] o.s.b.t.m.w.SpringBootMockServletContext : Initializing Spring TestDispatcherServlet ''
2022-11-15 23:36:51.163  INFO 11148 --- [    Test worker] o.s.t.web.servlet.TestDispatcherServlet  : Initializing Servlet ''
2022-11-15 23:36:51.163  INFO 11148 --- [    Test worker] o.s.t.web.servlet.TestDispatcherServlet  : Completed initialization in 0 ms
2022-11-15 23:36:51.174  INFO 11148 --- [    Test worker] c.e.s.faircop.api.HeaterControllerTest   : Started HeaterControllerTest in 0.357 seconds (JVM running for 6.246)
]]></system-out>
  <system-err><![CDATA[]]></system-err>
</testsuite>
